2023-07-16 00:45:27 error: [POST] /admin >> StatusCode:: 409, Message:: This email zarnigorochilova7591@gmail.com already exists
2023-07-16 00:46:37 error: [PUT] /admin/64b2f75eb6c1f1cfb7eaa96d >> StatusCode:: 409, Message:: This email zarnigorochilova7591@gmail.com already exists
2023-07-16 00:46:39 error: [PUT] /admin/64b2f75eb6c1f1cfb7eaa96d >> StatusCode:: 409, Message:: This email zarnigorochilova7591@gmail.com already exists
2023-07-16 00:47:27 error: uncaughtException: тип Unable to compile TypeScript:
[96msrc/routes/admins.router.ts[0m:[93m19[0m:[93m44[0m - [91merror[0m[90m TS1005: [0m',' expected.

[7m19[0m     this.router.get(`${this.path}`,isAdmin this.admin.getAdmins);
[7m  [0m [91m                                           ~~~~[0m
[96msrc/routes/admins.router.ts[0m:[93m20[0m:[93m48[0m - [91merror[0m[90m TS1005: [0m',' expected.

[7m20[0m     this.router.get(`${this.path}/:id`,isAdmin this.admin.getAdminById);
[7m  [0m [91m                                               ~~~~[0m
[96msrc/routes/admins.router.ts[0m:[93m23[0m:[93m51[0m - [91merror[0m[90m TS1005: [0m',' expected.

[7m23[0m     this.router.delete(`${this.path}/:id`,isAdmin this.admin.deleteAdmin);
[7m  [0m [91m                                                  ~~~~[0m

TSError: тип Unable to compile TypeScript:
[96msrc/routes/admins.router.ts[0m:[93m19[0m:[93m44[0m - [91merror[0m[90m TS1005: [0m',' expected.

[7m19[0m     this.router.get(`${this.path}`,isAdmin this.admin.getAdmins);
[7m  [0m [91m                                           ~~~~[0m
[96msrc/routes/admins.router.ts[0m:[93m20[0m:[93m48[0m - [91merror[0m[90m TS1005: [0m',' expected.

[7m20[0m     this.router.get(`${this.path}/:id`,isAdmin this.admin.getAdminById);
[7m  [0m [91m                                               ~~~~[0m
[96msrc/routes/admins.router.ts[0m:[93m23[0m:[93m51[0m - [91merror[0m[90m TS1005: [0m',' expected.

[7m23[0m     this.router.delete(`${this.path}/:id`,isAdmin this.admin.deleteAdmin);
[7m  [0m [91m                                                  ~~~~[0m

    at createTSError (D:\practice\Food-delivery-app\project\node_modules\ts-node\src\index.ts:859:12)
    at reportTSError (D:\practice\Food-delivery-app\project\node_modules\ts-node\src\index.ts:863:19)
    at D:\practice\Food-delivery-app\project\node_modules\ts-node\src\index.ts:1379:34
    at Object.compile (D:\practice\Food-delivery-app\project\node_modules\ts-node\src\index.ts:1458:13)
    at Module.m._compile (D:\practice\Food-delivery-app\project\node_modules\ts-node\src\index.ts:1617:30)
    at Module._extensions..js (node:internal/modules/cjs/loader:1213:10)
    at Object.require.extensions.<computed> [as .ts] (D:\practice\Food-delivery-app\project\node_modules\ts-node\src\index.ts:1621:12)
    at Module.load (node:internal/modules/cjs/loader:1037:32)
    at Function.Module._load (node:internal/modules/cjs/loader:878:12)
    at Module.require (node:internal/modules/cjs/loader:1061:19)
2023-07-16 00:47:54 error: [PUT] /admin/64b2f75eb6c1f1cfb7eaa96d >> StatusCode:: 500, Message:: jwt must be provided
2023-07-16 00:54:56 error: [PUT] /admin/64b2f75eb6c1f1cfb7eaa96d >> StatusCode:: 500, Message:: jwt must be provided
2023-07-16 00:55:04 error: [PUT] /admin/64b2f75eb6c1f1cfb7eaa96d >> StatusCode:: 500, Message:: invalid token
