2023-07-12 12:27:26 info: =================================
2023-07-12 12:27:26 info: ======= ENV: development =======
2023-07-12 12:27:26 info: 🚀 App listening on the port 3000
2023-07-12 12:27:26 info: =================================
2023-07-12 12:28:25 info: [0mPOST /generateOtpByEmail [32m200[0m 1290.087 ms - 123[0m
2023-07-12 12:29:56 info: [0mPOST /confirmOtp [32m200[0m 25.933 ms - 24[0m
2023-07-12 12:34:28 info: [0mPOST /singup [33m404[0m 2.607 ms - 146[0m
2023-07-12 12:34:40 error: [POST] /signup >> StatusCode:: 500, Message:: User validation failed: email: Path `email` is required.
2023-07-12 12:34:40 info: [0mPOST /signup [31m500[0m 171.522 ms - 70[0m
2023-07-12 12:35:31 info: =================================
2023-07-12 12:35:31 info: ======= ENV: development =======
2023-07-12 12:35:31 info: 🚀 App listening on the port 3000
2023-07-12 12:35:31 info: =================================
2023-07-12 12:35:36 error: [POST] /signup >> StatusCode:: 500, Message:: User validation failed: email: Path `email` is required.
2023-07-12 12:35:36 info: [0mPOST /signup [31m500[0m 163.617 ms - 70[0m
2023-07-12 12:36:12 info: =================================
2023-07-12 12:36:12 info: ======= ENV: development =======
2023-07-12 12:36:12 info: 🚀 App listening on the port 3000
2023-07-12 12:36:12 info: =================================
2023-07-12 14:28:02 info: =================================
2023-07-12 14:28:02 info: ======= ENV: development =======
2023-07-12 14:28:02 info: 🚀 App listening on the port 3000
2023-07-12 14:28:02 info: =================================
2023-07-12 14:32:22 info: =================================
2023-07-12 14:32:22 info: ======= ENV: development =======
2023-07-12 14:32:22 info: 🚀 App listening on the port 3000
2023-07-12 14:32:22 info: =================================
2023-07-12 14:32:22 error: [POST] /signup >> StatusCode:: 409, Message:: invalit token
2023-07-12 14:32:22 info: [0mPOST /signup [33m409[0m 18.573 ms - 27[0m
2023-07-12 14:32:46 info: [0mPOST /generateOtpByEmail [0m-[0m - ms - -[0m
2023-07-12 14:32:55 info: =================================
2023-07-12 14:32:55 info: ======= ENV: development =======
2023-07-12 14:32:55 info: 🚀 App listening on the port 3000
2023-07-12 14:32:55 info: =================================
2023-07-12 14:33:37 info: [0mPOST /generateOtpByEmail [32m200[0m 4277.767 ms - 123[0m
2023-07-12 14:33:59 info: [0mPOST /confirmOtp [32m200[0m 21.360 ms - 24[0m
2023-07-12 14:34:10 error: [POST] /signup >> StatusCode:: 500, Message:: User validation failed: email: Path `email` is required.
2023-07-12 14:34:10 info: [0mPOST /signup [31m500[0m 216.703 ms - 70[0m
2023-07-12 14:34:45 info: =================================
2023-07-12 14:34:45 info: ======= ENV: development =======
2023-07-12 14:34:45 info: 🚀 App listening on the port 3000
2023-07-12 14:34:45 info: =================================
2023-07-12 14:34:50 info: =================================
2023-07-12 14:34:50 info: ======= ENV: development =======
2023-07-12 14:34:50 info: 🚀 App listening on the port 3000
2023-07-12 14:34:50 info: =================================
2023-07-12 14:34:56 error: [POST] /signup >> StatusCode:: 500, Message:: User validation failed: email: Path `email` is required.
2023-07-12 14:34:56 info: [0mPOST /signup [31m500[0m 217.765 ms - 70[0m
2023-07-12 14:35:33 info: =================================
2023-07-12 14:35:33 info: ======= ENV: development =======
2023-07-12 14:35:33 info: 🚀 App listening on the port 3000
2023-07-12 14:35:33 info: =================================
2023-07-12 14:35:35 error: [POST] /signup >> StatusCode:: 500, Message:: User validation failed: email: Path `email` is required.
2023-07-12 14:35:35 info: [0mPOST /signup [31m500[0m 125.293 ms - 70[0m
2023-07-12 14:39:55 info: =================================
2023-07-12 14:39:55 info: ======= ENV: development =======
2023-07-12 14:39:55 info: 🚀 App listening on the port 3000
2023-07-12 14:39:55 info: =================================
2023-07-12 14:39:58 error: [POST] /signup >> StatusCode:: 500, Message:: User validation failed: email: Path `email` is required.
2023-07-12 14:39:58 info: [0mPOST /signup [31m500[0m 109.589 ms - 70[0m
2023-07-12 14:40:04 info: [0mPOST /generateOtpByEmail [32m200[0m 1407.099 ms - 123[0m
2023-07-12 14:40:19 error: [POST] /confirmOtp >> StatusCode:: 409, Message:: This code 5547 incorrect
2023-07-12 14:40:19 info: [0mPOST /confirmOtp [33m409[0m 12.834 ms - 38[0m
2023-07-12 14:41:05 info: =================================
2023-07-12 14:41:05 info: ======= ENV: development =======
2023-07-12 14:41:05 info: 🚀 App listening on the port 3000
2023-07-12 14:41:05 info: =================================
2023-07-12 14:41:06 error: [POST] /generateOtpByEmail >> StatusCode:: 409, Message:: This email zarnigorochilova7591@gmail.com has already exist
2023-07-12 14:41:06 info: [0mPOST /generateOtpByEmail [33m409[0m 43.439 ms - 73[0m
2023-07-12 14:41:52 info: =================================
2023-07-12 14:41:52 info: ======= ENV: development =======
2023-07-12 14:41:52 info: 🚀 App listening on the port 3000
2023-07-12 14:41:52 info: =================================
2023-07-12 14:41:57 info: [0mPOST /generateOtpByEmail [32m200[0m 1510.116 ms - 123[0m
2023-07-12 14:42:24 info: [0mPOST /confirmOtp [32m200[0m 15.815 ms - 24[0m
2023-07-12 14:47:26 info: =================================
2023-07-12 14:47:26 info: ======= ENV: development =======
2023-07-12 14:47:26 info: 🚀 App listening on the port 3000
2023-07-12 14:47:26 info: =================================
2023-07-12 14:48:18 info: =================================
2023-07-12 14:48:18 info: ======= ENV: development =======
2023-07-12 14:48:18 info: 🚀 App listening on the port 3000
2023-07-12 14:48:18 info: =================================
2023-07-12 14:48:33 info: =================================
2023-07-12 14:48:33 info: ======= ENV: development =======
2023-07-12 14:48:33 info: 🚀 App listening on the port 3000
2023-07-12 14:48:33 info: =================================
2023-07-12 14:48:47 info: =================================
2023-07-12 14:48:47 info: ======= ENV: development =======
2023-07-12 14:48:47 info: 🚀 App listening on the port 3000
2023-07-12 14:48:47 info: =================================
2023-07-12 14:48:57 info: =================================
2023-07-12 14:48:57 info: ======= ENV: development =======
2023-07-12 14:48:57 info: 🚀 App listening on the port 3000
2023-07-12 14:48:57 info: =================================
2023-07-12 14:49:22 error: [POST] /signup >> StatusCode:: 500, Message:: User validation failed: email: Path `email` is required.
2023-07-12 14:49:22 info: [0mPOST /signup [31m500[0m 304.173 ms - 70[0m
2023-07-12 15:00:46 info: =================================
2023-07-12 15:00:46 info: ======= ENV: development =======
2023-07-12 15:00:46 info: 🚀 App listening on the port 3000
2023-07-12 15:00:46 info: =================================
2023-07-12 15:01:31 error: [POST] /signup >> StatusCode:: 500, Message:: User validation failed: email: Path `email` is required.
2023-07-12 15:01:31 info: [0mPOST /signup [31m500[0m 113.383 ms - 70[0m
2023-07-12 15:01:32 error: [POST] /signup >> StatusCode:: 500, Message:: User validation failed: email: Path `email` is required.
2023-07-12 15:01:32 info: [0mPOST /signup [31m500[0m 81.424 ms - 70[0m
2023-07-12 15:01:33 error: [POST] /signup >> StatusCode:: 500, Message:: User validation failed: email: Path `email` is required.
2023-07-12 15:01:33 info: [0mPOST /signup [31m500[0m 138.190 ms - 70[0m
2023-07-12 15:01:34 error: [POST] /signup >> StatusCode:: 500, Message:: User validation failed: email: Path `email` is required.
2023-07-12 15:01:34 info: [0mPOST /signup [31m500[0m 171.401 ms - 70[0m
2023-07-12 15:01:42 info: [0mPOST /generateOtpByEmail [32m200[0m 2491.235 ms - 123[0m
2023-07-12 15:02:06 error: [POST] /confirmOtp >> StatusCode:: 409, Message:: This email zarnigorochilova7591@gmail.com has not found
2023-07-12 15:02:06 info: [0mPOST /confirmOtp [33m409[0m 9.701 ms - 69[0m
2023-07-12 15:02:19 error: [POST] /signup >> StatusCode:: 500, Message:: User validation failed: email: Path `email` is required.
2023-07-12 15:02:19 info: [0mPOST /signup [31m500[0m 80.758 ms - 70[0m
2023-07-12 15:02:44 info: =================================
2023-07-12 15:02:44 info: ======= ENV: development =======
2023-07-12 15:02:44 info: 🚀 App listening on the port 3000
2023-07-12 15:02:44 info: =================================
2023-07-12 15:03:03 info: =================================
2023-07-12 15:03:03 info: ======= ENV: development =======
2023-07-12 15:03:03 info: 🚀 App listening on the port 3000
2023-07-12 15:03:03 info: =================================
2023-07-12 15:05:39 info: =================================
2023-07-12 15:05:39 info: ======= ENV: development =======
2023-07-12 15:05:39 info: 🚀 App listening on the port 3000
2023-07-12 15:05:39 info: =================================
2023-07-12 15:05:41 error: [POST] /signup >> StatusCode:: 500, Message:: User validation failed: email: Path `email` is required.
2023-07-12 15:05:41 info: [0mPOST /signup [31m500[0m 316.336 ms - 70[0m
2023-07-12 15:06:58 info: =================================
2023-07-12 15:06:58 info: ======= ENV: development =======
2023-07-12 15:06:58 info: 🚀 App listening on the port 3000
2023-07-12 15:06:58 info: =================================
2023-07-12 15:07:13 info: =================================
2023-07-12 15:07:13 info: ======= ENV: development =======
2023-07-12 15:07:13 info: 🚀 App listening on the port 3000
2023-07-12 15:07:13 info: =================================
2023-07-12 15:07:18 error: [POST] /confirmOtp >> StatusCode:: 409, Message:: This email zarnigorochilova7591@gmail.com has not found
2023-07-12 15:07:19 info: [0mPOST /confirmOtp [33m409[0m 64.036 ms - 69[0m
2023-07-12 15:07:58 info: [0mPOST /generateOtpByEmail [32m200[0m 1304.164 ms - 123[0m
2023-07-12 15:08:19 info: [0mPOST /confirmOtp [32m200[0m 30.226 ms - 24[0m
2023-07-12 15:09:57 info: =================================
2023-07-12 15:09:57 info: ======= ENV: development =======
2023-07-12 15:09:57 info: 🚀 App listening on the port 3000
2023-07-12 15:09:57 info: =================================
2023-07-12 15:09:59 error: [POST] /generateOtpByEmail >> StatusCode:: 409, Message:: This email zarnigorochilova7591@gmail.com has already exist
2023-07-12 15:09:59 info: [0mPOST /generateOtpByEmail [33m409[0m 76.430 ms - 73[0m
2023-07-12 15:10:16 info: [0mPOST /confirmOtp [32m200[0m 30.248 ms - 24[0m
2023-07-12 15:11:27 info: [0mPOST /signup [32m201[0m 271.321 ms - 315[0m
2023-07-12 15:19:23 info: =================================
2023-07-12 15:19:23 info: ======= ENV: development =======
2023-07-12 15:19:23 info: 🚀 App listening on the port 3000
2023-07-12 15:19:23 info: =================================
2023-07-12 17:37:57 info: =================================
2023-07-12 17:37:57 info: ======= ENV: development =======
2023-07-12 17:37:57 info: 🚀 App listening on the port 3000
2023-07-12 17:37:57 info: =================================
2023-07-12 17:38:44 info: [0mPOST /generateOtpByEmail [32m200[0m 1365.706 ms - 123[0m
2023-07-12 17:39:05 info: [0mPOST /confirmOtp [32m200[0m 14.829 ms - 24[0m
2023-07-12 17:39:18 error: [POST] /signup >> StatusCode:: 409, Message:: This email zarnigorochilova7591@gmail.com already exists
2023-07-12 17:39:18 info: [0mPOST /signup [33m409[0m 10.732 ms - 70[0m
2023-07-12 17:39:29 info: [0mPOST /signup [32m201[0m 88.392 ms - 315[0m
2023-07-12 17:39:33 error: [POST] /signup >> StatusCode:: 409, Message:: This email zarnigorochilova7591@gmail.com already exists
2023-07-12 17:39:33 info: [0mPOST /signup [33m409[0m 8.758 ms - 70[0m
2023-07-12 17:40:23 info: =================================
2023-07-12 17:40:23 info: ======= ENV: development =======
2023-07-12 17:40:23 info: 🚀 App listening on the port 3000
2023-07-12 17:40:23 info: =================================
2023-07-12 17:40:35 info: =================================
2023-07-12 17:40:35 info: ======= ENV: development =======
2023-07-12 17:40:35 info: 🚀 App listening on the port 3000
2023-07-12 17:40:35 info: =================================
2023-07-12 17:40:43 info: [0mPOST /generateOtpByEmail [32m200[0m 1239.054 ms - 123[0m
2023-07-12 17:40:57 info: [0mPOST /confirmOtp [32m200[0m 17.974 ms - 24[0m
2023-07-12 17:41:10 error: [POST] /signup >> StatusCode:: 400, Message:: phone must be shorter than or equal to 32 characters,phone must be longer than or equal to 9 characters
2023-07-12 17:41:10 info: [0mPOST /signup [33m400[0m 3.652 ms - 117[0m
2023-07-12 17:41:48 info: =================================
2023-07-12 17:41:48 info: ======= ENV: development =======
2023-07-12 17:41:48 info: 🚀 App listening on the port 3000
2023-07-12 17:41:48 info: =================================
2023-07-12 17:41:53 info: =================================
2023-07-12 17:41:53 info: ======= ENV: development =======
2023-07-12 17:41:53 info: 🚀 App listening on the port 3000
2023-07-12 17:41:53 info: =================================
2023-07-12 17:42:01 info: =================================
2023-07-12 17:42:01 info: ======= ENV: development =======
2023-07-12 17:42:01 info: 🚀 App listening on the port 3000
2023-07-12 17:42:01 info: =================================
2023-07-12 17:42:03 error: [POST] /signup >> StatusCode:: 400, Message:: phone must be longer than or equal to 9 characters
2023-07-12 17:42:03 info: [0mPOST /signup [33m400[0m 20.642 ms - 64[0m
2023-07-12 17:42:09 error: [POST] /signup >> StatusCode:: 400, Message:: phone must be longer than or equal to 9 characters
2023-07-12 17:42:09 info: [0mPOST /signup [33m400[0m 4.730 ms - 64[0m
2023-07-12 17:42:19 info: =================================
2023-07-12 17:42:19 info: ======= ENV: development =======
2023-07-12 17:42:19 info: 🚀 App listening on the port 3000
2023-07-12 17:42:19 info: =================================
2023-07-12 17:43:09 info: =================================
2023-07-12 17:43:09 info: ======= ENV: development =======
2023-07-12 17:43:09 info: 🚀 App listening on the port 3000
2023-07-12 17:43:09 info: =================================
2023-07-12 17:43:12 info: [0mPOST /signup [32m201[0m 121.165 ms - 313[0m
2023-07-12 17:43:18 error: [POST] /signup >> StatusCode:: 409, Message:: This email zarnigorochilova7591@gmail.com already exists
2023-07-12 17:43:18 info: [0mPOST /signup [33m409[0m 11.535 ms - 70[0m
2023-07-12 17:43:33 info: [0mPOST /signup [32m201[0m 86.293 ms - 311[0m
2023-07-12 17:45:06 info: =================================
2023-07-12 17:45:06 info: ======= ENV: development =======
2023-07-12 17:45:06 info: 🚀 App listening on the port 3000
2023-07-12 17:45:06 info: =================================
2023-07-12 17:45:08 error: [POST] /signup >> StatusCode:: 409, Message:: This email zarnigorochilova7591@gmail.com already exists
2023-07-12 17:45:08 info: [0mPOST /signup [33m409[0m 45.712 ms - 70[0m
2023-07-12 17:45:15 info: [0mPOST /signup [32m201[0m 96.081 ms - 311[0m
2023-07-12 17:45:29 info: =================================
2023-07-12 17:45:29 info: ======= ENV: development =======
2023-07-12 17:45:29 info: 🚀 App listening on the port 3000
2023-07-12 17:45:29 info: =================================
2023-07-12 17:45:37 info: [0mGET /users [32m200[0m 19.816 ms - 314[0m
2023-07-12 17:45:52 info: [0mPUT /users/64aea05bf6ed896158e13e2c [32m200[0m 119.653 ms - 314[0m
2023-07-12 17:46:16 info: [0mDELETE /users/64aea05bf6ed896158e13e2c [32m200[0m 8.206 ms - 314[0m
2023-07-12 17:46:27 info: [0mGET /users [32m200[0m 4.334 ms - 31[0m
2023-07-12 17:48:41 info: =================================
2023-07-12 17:48:41 info: ======= ENV: development =======
2023-07-12 17:48:41 info: 🚀 App listening on the port 3000
2023-07-12 17:48:41 info: =================================
2023-07-12 17:51:29 error: [POST] /login >> StatusCode:: 400, Message:: fullName should not be empty,fullName must be a string, phone should not be empty,phone must be a number conforming to the specified constraints
2023-07-12 17:51:29 info: [0mPOST /login [33m400[0m 23.858 ms - 158[0m
2023-07-12 17:55:32 info: =================================
2023-07-12 17:55:32 info: ======= ENV: development =======
2023-07-12 17:55:32 info: 🚀 App listening on the port 3000
2023-07-12 17:55:32 info: =================================
2023-07-12 18:06:49 info: =================================
2023-07-12 18:06:49 info: ======= ENV: development =======
2023-07-12 18:06:49 info: 🚀 App listening on the port 3000
2023-07-12 18:06:49 info: =================================
2023-07-12 18:08:17 info: =================================
2023-07-12 18:08:17 info: ======= ENV: development =======
2023-07-12 18:08:17 info: 🚀 App listening on the port 3000
2023-07-12 18:08:17 info: =================================
2023-07-12 18:09:34 error: [PUT] /users/64aea05bf6ed896158e13e2c >> StatusCode:: 400, Message:: fullName should not be empty,fullName must be a string, phone should not be empty,phone must be a number conforming to the specified constraints, password must be shorter than or equal to 32 characters,password must be longer than or equal to 9 characters,password should not be empty,password must be a string
2023-07-12 18:09:34 info: [0mPUT /users/64aea05bf6ed896158e13e2c [33m400[0m 13.303 ms - 324[0m
2023-07-12 18:09:48 error: [PUT] /users/64aea05bf6ed896158e13e2c >> StatusCode:: 400, Message:: fullName should not be empty,fullName must be a string, phone should not be empty,phone must be a number conforming to the specified constraints, password must be shorter than or equal to 32 characters,password must be longer than or equal to 9 characters,password should not be empty,password must be a string
2023-07-12 18:09:48 info: [0mPUT /users/64aea05bf6ed896158e13e2c [33m400[0m 5.303 ms - 324[0m
2023-07-12 18:10:42 info: =================================
2023-07-12 18:10:42 info: ======= ENV: development =======
2023-07-12 18:10:42 info: 🚀 App listening on the port 3000
2023-07-12 18:10:42 info: =================================
2023-07-12 18:10:44 error: [PUT] /users/64aea05bf6ed896158e13e2c >> StatusCode:: 400, Message:: fullName should not be empty,fullName must be a string, phone should not be empty,phone must be a number conforming to the specified constraints, password must be shorter than or equal to 32 characters,password must be longer than or equal to 9 characters,password should not be empty,password must be a string
2023-07-12 18:10:44 info: [0mPUT /users/64aea05bf6ed896158e13e2c [33m400[0m 11.594 ms - 324[0m
2023-07-12 18:11:47 error: [PUT] /users/64aea05bf6ed896158e13e2c >> StatusCode:: 400, Message:: fullName should not be empty,fullName must be a string, phone should not be empty,phone must be a number conforming to the specified constraints, password must be shorter than or equal to 32 characters,password must be longer than or equal to 9 characters,password should not be empty,password must be a string
2023-07-12 18:11:47 info: [0mPUT /users/64aea05bf6ed896158e13e2c [33m400[0m 4.822 ms - 324[0m
2023-07-12 18:12:50 error: [PUT] /users/64aea05bf6ed896158e13e2c >> StatusCode:: 500, Message:: file is empty
2023-07-12 18:12:50 info: [0mPUT /users/64aea05bf6ed896158e13e2c [31m500[0m 18.214 ms - 27[0m
2023-07-12 18:15:09 info: =================================
2023-07-12 18:15:09 info: ======= ENV: development =======
2023-07-12 18:15:09 info: 🚀 App listening on the port 3000
2023-07-12 18:15:09 info: =================================
2023-07-12 18:15:21 error: [PUT] /users/64aea05bf6ed896158e13e2c >> StatusCode:: 409, Message:: User doesn't exist
2023-07-12 18:15:21 info: [0mPUT /users/64aea05bf6ed896158e13e2c [33m409[0m 107.761 ms - 32[0m
2023-07-12 18:15:46 error: [PUT] /users/64aea05bf6ed896158e13e2c >> StatusCode:: 409, Message:: User doesn't exist
2023-07-12 18:15:46 info: [0mPUT /users/64aea05bf6ed896158e13e2c [33m409[0m 78.398 ms - 32[0m
2023-07-12 20:11:06 info: =================================
2023-07-12 20:11:06 info: ======= ENV: development =======
2023-07-12 20:11:06 info: 🚀 App listening on the port 3000
2023-07-12 20:11:06 info: =================================
2023-07-12 20:11:17 info: [0mPOST /generateOtpByEmail [32m200[0m 3496.738 ms - 123[0m
2023-07-12 20:11:42 info: [0mPOST /confirmOtp [32m200[0m 29.682 ms - 24[0m
2023-07-12 20:13:36 info: =================================
2023-07-12 20:13:36 info: ======= ENV: development =======
2023-07-12 20:13:36 info: 🚀 App listening on the port 3000
2023-07-12 20:13:36 info: =================================
2023-07-12 20:13:53 error: [PUT] /users/64aea05bf6ed896158e13e2c >> StatusCode:: 400, Message:: fullName should not be empty,fullName must be a string, phone should not be empty,phone must be a number conforming to the specified constraints, password must be shorter than or equal to 32 characters,password must be longer than or equal to 9 characters,password should not be empty,password must be a string
2023-07-12 20:13:53 info: [0mPUT /users/64aea05bf6ed896158e13e2c [33m400[0m 13.019 ms - 324[0m
2023-07-12 20:15:01 info: =================================
2023-07-12 20:15:01 info: ======= ENV: development =======
2023-07-12 20:15:01 info: 🚀 App listening on the port 3000
2023-07-12 20:15:01 info: =================================
2023-07-12 20:15:07 info: =================================
2023-07-12 20:15:07 info: ======= ENV: development =======
2023-07-12 20:15:07 info: 🚀 App listening on the port 3000
2023-07-12 20:15:07 info: =================================
2023-07-12 20:15:11 error: [PUT] /users/64aea05bf6ed896158e13e2c >> StatusCode:: 400, Message:: phone must be a number conforming to the specified constraints
2023-07-12 20:15:11 info: [0mPUT /users/64aea05bf6ed896158e13e2c [33m400[0m 18.630 ms - 76[0m
2023-07-12 20:15:31 error: [PUT] /users/64aea05bf6ed896158e13e2c >> StatusCode:: 400, Message:: phone must be a number conforming to the specified constraints
2023-07-12 20:15:31 info: [0mPUT /users/64aea05bf6ed896158e13e2c [33m400[0m 11.607 ms - 76[0m
