2023-07-17 15:55:10 info: =================================
2023-07-17 15:55:10 info: ======= ENV: development =======
2023-07-17 15:55:10 info: 🚀 App listening on the port 3000
2023-07-17 15:55:10 info: =================================
2023-07-17 15:55:57 info: =================================
2023-07-17 15:55:57 info: ======= ENV: development =======
2023-07-17 15:55:57 info: 🚀 App listening on the port 3000
2023-07-17 15:55:57 info: =================================
2023-07-17 15:57:12 info: =================================
2023-07-17 15:57:12 info: ======= ENV: development =======
2023-07-17 15:57:12 info: 🚀 App listening on the port 3000
2023-07-17 15:57:12 info: =================================
2023-07-17 15:59:53 info: =================================
2023-07-17 15:59:53 info: ======= ENV: development =======
2023-07-17 15:59:53 info: 🚀 App listening on the port 3000
2023-07-17 15:59:53 info: =================================
2023-07-17 16:14:07 info: =================================
2023-07-17 16:14:07 info: ======= ENV: development =======
2023-07-17 16:14:07 info: 🚀 App listening on the port 3000
2023-07-17 16:14:07 info: =================================
2023-07-17 16:14:56 info: =================================
2023-07-17 16:14:56 info: ======= ENV: development =======
2023-07-17 16:14:56 info: 🚀 App listening on the port 3000
2023-07-17 16:14:56 info: =================================
2023-07-17 16:15:39 info: =================================
2023-07-17 16:15:39 info: ======= ENV: development =======
2023-07-17 16:15:39 info: 🚀 App listening on the port 3000
2023-07-17 16:15:39 info: =================================
2023-07-17 16:15:55 info: =================================
2023-07-17 16:15:55 info: ======= ENV: development =======
2023-07-17 16:15:55 info: 🚀 App listening on the port 3000
2023-07-17 16:15:55 info: =================================
2023-07-17 16:16:30 info: =================================
2023-07-17 16:16:30 info: ======= ENV: development =======
2023-07-17 16:16:30 info: 🚀 App listening on the port 3000
2023-07-17 16:16:30 info: =================================
2023-07-17 16:18:15 info: =================================
2023-07-17 16:18:15 info: ======= ENV: development =======
2023-07-17 16:18:15 info: 🚀 App listening on the port 3000
2023-07-17 16:18:15 info: =================================
2023-07-17 16:19:06 info: =================================
2023-07-17 16:19:06 info: ======= ENV: development =======
2023-07-17 16:19:06 info: 🚀 App listening on the port 3000
2023-07-17 16:19:06 info: =================================
2023-07-17 16:21:42 info: =================================
2023-07-17 16:21:42 info: ======= ENV: development =======
2023-07-17 16:21:42 info: 🚀 App listening on the port 3000
2023-07-17 16:21:42 info: =================================
2023-07-17 16:23:14 info: =================================
2023-07-17 16:23:14 info: ======= ENV: development =======
2023-07-17 16:23:14 info: 🚀 App listening on the port 3000
2023-07-17 16:23:14 info: =================================
2023-07-17 16:24:13 info: [0mPOST /admin [32m201[0m 248.788 ms - 170[0m
2023-07-17 16:24:51 info: [0mPUT /admin [33m404[0m 6.007 ms - 144[0m
2023-07-17 16:25:25 info: [0mPUT /admin/64b524dd426dab846ae492e4 [32m200[0m 200.621 ms - 171[0m
2023-07-17 16:25:49 info: [0mPOST /admin [32m201[0m 203.115 ms - 173[0m
2023-07-17 16:25:59 info: [0mPUT /admin/64b524dd426dab846ae492e4 [33m403[0m 5.007 ms - 50[0m
2023-07-17 16:26:29 info: [0mPUT /admin/64b524dd426dab846ae492e4 [33m403[0m 6.543 ms - 50[0m
2023-07-17 16:27:26 info: [0mPOST /admin [32m201[0m 178.923 ms - 174[0m
2023-07-17 16:27:27 error: [POST] /admin >> StatusCode:: 409, Message:: This email zare1122@gmail.com already exists
2023-07-17 16:27:27 info: [0mPOST /admin [33m409[0m 12.750 ms - 58[0m
2023-07-17 16:27:29 error: [POST] /admin >> StatusCode:: 409, Message:: This email zare1122@gmail.com already exists
2023-07-17 16:27:29 info: [0mPOST /admin [33m409[0m 11.251 ms - 58[0m
2023-07-17 16:27:33 info: [0mPOST /admin [32m201[0m 196.090 ms - 176[0m
2023-07-17 16:27:49 info: [0mPUT /admin/64b5259e426dab846ae492ef [33m403[0m 9.292 ms - 50[0m
2023-07-17 16:28:04 info: [0mPUT /admin/64b525a5426dab846ae492f4 [33m403[0m 5.856 ms - 50[0m
2023-07-17 16:28:05 info: [0mPUT /admin/64b525a5426dab846ae492f4 [33m403[0m 5.843 ms - 50[0m
2023-07-17 16:28:06 info: [0mPUT /admin/64b525a5426dab846ae492f4 [33m403[0m 8.883 ms - 50[0m
2023-07-17 16:28:32 info: [0mPUT /admin/64b525a5426dab846ae492f4 [33m403[0m 5.679 ms - 50[0m
2023-07-17 16:28:33 info: [0mPUT /admin/64b525a5426dab846ae492f4 [33m403[0m 8.352 ms - 50[0m
2023-07-17 16:28:39 info: [0mPUT /admin/64b525a5426dab846ae492f4 [33m403[0m 6.355 ms - 50[0m
2023-07-17 16:28:40 info: [0mPUT /admin/64b525a5426dab846ae492f4 [33m403[0m 4.328 ms - 50[0m
2023-07-17 16:28:41 info: [0mPUT /admin/64b525a5426dab846ae492f4 [33m403[0m 3.467 ms - 50[0m
2023-07-17 16:28:43 info: [0mPUT /admin/64b525a5426dab846ae492f4 [33m403[0m 6.537 ms - 50[0m
2023-07-17 16:28:44 info: [0mPUT /admin/64b525a5426dab846ae492f4 [33m403[0m 10.686 ms - 50[0m
2023-07-17 16:29:18 error: [PUT] /admin/64b525a5426dab846ae492f4 >> StatusCode:: 409, Message:: This email zare1122@gmail.com already exists
2023-07-17 16:29:18 info: [0mPUT /admin/64b525a5426dab846ae492f4 [33m409[0m 14.881 ms - 58[0m
2023-07-17 16:29:46 info: [0mPOST /admin [32m201[0m 151.592 ms - 178[0m
2023-07-17 16:30:11 error: [PUT] /admin/64b2f75eb6c1f1cfb7eaa96d >> StatusCode:: 409, Message:: You are not the required admin
2023-07-17 16:30:11 info: [0mPUT /admin/64b2f75eb6c1f1cfb7eaa96d [33m409[0m 9.397 ms - 44[0m
2023-07-17 16:30:43 error: [DELETE] /admin/64b2f75eb6c1f1cfb7eaa96d >> StatusCode:: 409, Message:: You are not the required admin
2023-07-17 16:30:43 info: [0mDELETE /admin/64b2f75eb6c1f1cfb7eaa96d [33m409[0m 8.729 ms - 44[0m
2023-07-17 16:30:57 info: [0mDELETE /admin/64b5262a426dab846ae49304 [32m200[0m 12.254 ms - 178[0m
2023-07-17 16:32:21 info: =================================
2023-07-17 16:32:21 info: ======= ENV: development =======
2023-07-17 16:32:21 info: 🚀 App listening on the port 3000
2023-07-17 16:32:21 info: =================================
2023-07-17 16:36:03 info: =================================
2023-07-17 16:36:03 info: ======= ENV: development =======
2023-07-17 16:36:03 info: 🚀 App listening on the port 3000
2023-07-17 16:36:03 info: =================================
2023-07-17 16:36:15 info: =================================
2023-07-17 16:36:15 info: ======= ENV: development =======
2023-07-17 16:36:15 info: 🚀 App listening on the port 3000
2023-07-17 16:36:15 info: =================================
2023-07-17 16:37:02 info: [0mPOST /admin/login [33m404[0m 43.579 ms - 151[0m
2023-07-17 16:37:24 info: =================================
2023-07-17 16:37:24 info: ======= ENV: development =======
2023-07-17 16:37:24 info: 🚀 App listening on the port 3000
2023-07-17 16:37:24 info: =================================
2023-07-17 16:37:26 info: [0mPOST /admin/login [32m200[0m 242.950 ms - 184[0m
2023-07-17 16:38:28 error: [POST] /admin/login >> StatusCode:: 400, Message:: email should not be empty,email must be an email
2023-07-17 16:38:28 info: [0mPOST /admin/login [33m400[0m 9.275 ms - 62[0m
2023-07-17 16:42:24 info: =================================
2023-07-17 16:42:24 info: ======= ENV: development =======
2023-07-17 16:42:24 info: 🚀 App listening on the port 3000
2023-07-17 16:42:24 info: =================================
2023-07-17 16:45:11 info: =================================
2023-07-17 16:45:11 info: ======= ENV: development =======
2023-07-17 16:45:11 info: 🚀 App listening on the port 3000
2023-07-17 16:45:11 info: =================================
2023-07-17 16:46:53 info: =================================
2023-07-17 16:46:53 info: ======= ENV: development =======
2023-07-17 16:46:53 info: 🚀 App listening on the port 3000
2023-07-17 16:46:53 info: =================================
2023-07-17 16:46:58 info: =================================
2023-07-17 16:46:58 info: ======= ENV: development =======
2023-07-17 16:46:58 info: 🚀 App listening on the port 3000
2023-07-17 16:46:58 info: =================================
2023-07-17 16:47:10 info: =================================
2023-07-17 16:47:10 info: ======= ENV: development =======
2023-07-17 16:47:10 info: 🚀 App listening on the port 3000
2023-07-17 16:47:10 info: =================================
2023-07-17 16:47:42 info: =================================
2023-07-17 16:47:42 info: ======= ENV: development =======
2023-07-17 16:47:42 info: 🚀 App listening on the port 3000
2023-07-17 16:47:42 info: =================================
2023-07-17 16:50:39 info: =================================
2023-07-17 16:50:39 info: ======= ENV: development =======
2023-07-17 16:50:39 info: 🚀 App listening on the port 3000
2023-07-17 16:50:39 info: =================================
2023-07-17 16:53:29 info: =================================
2023-07-17 16:53:29 info: ======= ENV: development =======
2023-07-17 16:53:29 info: 🚀 App listening on the port 3000
2023-07-17 16:53:29 info: =================================
2023-07-17 16:53:56 info: =================================
2023-07-17 16:53:56 info: ======= ENV: development =======
2023-07-17 16:53:56 info: 🚀 App listening on the port 3000
2023-07-17 16:53:56 info: =================================
2023-07-17 16:54:16 info: =================================
2023-07-17 16:54:16 info: ======= ENV: development =======
2023-07-17 16:54:16 info: 🚀 App listening on the port 3000
2023-07-17 16:54:16 info: =================================
2023-07-17 16:57:48 info: =================================
2023-07-17 16:57:48 info: ======= ENV: development =======
2023-07-17 16:57:48 info: 🚀 App listening on the port 3000
2023-07-17 16:57:48 info: =================================
2023-07-17 16:59:15 info: =================================
2023-07-17 16:59:15 info: ======= ENV: development =======
2023-07-17 16:59:15 info: 🚀 App listening on the port 3000
2023-07-17 16:59:15 info: =================================
2023-07-17 17:02:37 info: [0mPOST /generateOtpByEmail [32m200[0m 4224.120 ms - 123[0m
2023-07-17 17:03:12 error: [POST] /confirmOtp >> StatusCode:: 400, Message:: code must be a number conforming to the specified constraints
2023-07-17 17:03:12 info: [0mPOST /confirmOtp [33m400[0m 6.256 ms - 75[0m
2023-07-17 17:03:25 error: [POST] /confirmOtp >> StatusCode:: 400, Message:: code must be a number conforming to the specified constraints
2023-07-17 17:03:25 info: [0mPOST /confirmOtp [33m400[0m 2.579 ms - 75[0m
2023-07-17 17:03:52 error: [POST] /generateOtpByEmail >> StatusCode:: 409, Message:: This email zarnigorochilova7591@gmail.com has already exist
2023-07-17 17:03:52 info: [0mPOST /generateOtpByEmail [33m409[0m 9.315 ms - 73[0m
2023-07-17 17:03:54 error: [POST] /generateOtpByEmail >> StatusCode:: 409, Message:: This email zarnigorochilova7591@gmail.com has already exist
2023-07-17 17:03:54 info: [0mPOST /generateOtpByEmail [33m409[0m 12.443 ms - 73[0m
2023-07-17 17:04:12 info: [0mPOST /generateOtpByEmail [32m200[0m 4665.661 ms - 123[0m
2023-07-17 17:04:37 info: [0mPOST /confirmOtp [32m200[0m 7.696 ms - 24[0m
2023-07-17 17:09:43 info: =================================
2023-07-17 17:09:43 info: ======= ENV: development =======
2023-07-17 17:09:43 info: 🚀 App listening on the port 3000
2023-07-17 17:09:43 info: =================================
2023-07-17 17:10:45 info: =================================
2023-07-17 17:10:45 info: ======= ENV: development =======
2023-07-17 17:10:45 info: 🚀 App listening on the port 3000
2023-07-17 17:10:45 info: =================================
2023-07-17 17:12:05 info: [0mPOST /signup [32m201[0m 237.494 ms - 340[0m
2023-07-17 17:13:42 info: =================================
2023-07-17 17:13:42 info: ======= ENV: development =======
2023-07-17 17:13:42 info: 🚀 App listening on the port 3000
2023-07-17 17:13:42 info: =================================
2023-07-17 17:13:44 info: =================================
2023-07-17 17:13:44 info: ======= ENV: development =======
2023-07-17 17:13:44 info: 🚀 App listening on the port 3000
2023-07-17 17:13:44 info: =================================
2023-07-17 17:18:19 info: =================================
2023-07-17 17:18:19 info: ======= ENV: development =======
2023-07-17 17:18:19 info: 🚀 App listening on the port 3000
2023-07-17 17:18:19 info: =================================
2023-07-17 17:19:41 info: =================================
2023-07-17 17:19:41 info: ======= ENV: development =======
2023-07-17 17:19:41 info: 🚀 App listening on the port 3000
2023-07-17 17:19:41 info: =================================
2023-07-17 17:21:07 error: [POST] /favorite >> StatusCode:: 500, Message:: invalid signature
2023-07-17 17:21:07 info: [0mPOST /favorite [31m500[0m 43.089 ms - 31[0m
2023-07-17 17:21:10 error: [POST] /favorite >> StatusCode:: 500, Message:: invalid signature
2023-07-17 17:21:10 info: [0mPOST /favorite [31m500[0m 6.400 ms - 31[0m
2023-07-17 17:21:44 error: [POST] /favorite >> StatusCode:: 500, Message:: invalid signature
2023-07-17 17:21:44 info: [0mPOST /favorite [31m500[0m 4.573 ms - 31[0m
2023-07-17 17:22:01 error: [POST] /favorite >> StatusCode:: 500, Message:: jwt must be provided
2023-07-17 17:22:01 info: [0mPOST /favorite [31m500[0m 3.510 ms - 34[0m
2023-07-17 17:22:36 info: =================================
2023-07-17 17:22:36 info: ======= ENV: development =======
2023-07-17 17:22:36 info: 🚀 App listening on the port 3000
2023-07-17 17:22:36 info: =================================
2023-07-17 17:22:37 error: [POST] /favorite >> StatusCode:: 500, Message:: invalid signature
2023-07-17 17:22:37 info: [0mPOST /favorite [31m500[0m 45.735 ms - 31[0m
2023-07-17 17:22:38 error: [POST] /favorite >> StatusCode:: 500, Message:: invalid signature
2023-07-17 17:22:38 info: [0mPOST /favorite [31m500[0m 3.156 ms - 31[0m
2023-07-17 17:23:02 info: =================================
2023-07-17 17:23:02 info: ======= ENV: development =======
2023-07-17 17:23:02 info: 🚀 App listening on the port 3000
2023-07-17 17:23:02 info: =================================
2023-07-17 17:23:47 info: =================================
2023-07-17 17:23:47 info: ======= ENV: development =======
2023-07-17 17:23:47 info: 🚀 App listening on the port 3000
2023-07-17 17:23:47 info: =================================
2023-07-17 17:23:48 error: [POST] /favorite >> StatusCode:: 500, Message:: invalid signature
2023-07-17 17:23:48 info: [0mPOST /favorite [31m500[0m 19.416 ms - 31[0m
2023-07-17 17:23:49 error: [POST] /favorite >> StatusCode:: 500, Message:: invalid signature
2023-07-17 17:23:49 info: [0mPOST /favorite [31m500[0m 5.552 ms - 31[0m
2023-07-17 17:23:50 error: [POST] /favorite >> StatusCode:: 500, Message:: invalid signature
2023-07-17 17:23:50 info: [0mPOST /favorite [31m500[0m 2.708 ms - 31[0m
2023-07-17 17:24:18 info: =================================
2023-07-17 17:24:18 info: ======= ENV: development =======
2023-07-17 17:24:18 info: 🚀 App listening on the port 3000
2023-07-17 17:24:18 info: =================================
2023-07-17 17:24:19 info: [0mPOST /favorite [33m403[0m 32.118 ms - 41[0m
2023-07-17 17:24:52 info: =================================
2023-07-17 17:24:52 info: ======= ENV: development =======
2023-07-17 17:24:52 info: 🚀 App listening on the port 3000
2023-07-17 17:24:52 info: =================================
2023-07-17 17:25:19 info: [0mPOST /favorite [33m403[0m 30.894 ms - 41[0m
2023-07-17 17:25:20 info: [0mPOST /favorite [33m403[0m 4.183 ms - 41[0m
2023-07-17 17:25:35 info: =================================
2023-07-17 17:25:35 info: ======= ENV: development =======
2023-07-17 17:25:35 info: 🚀 App listening on the port 3000
2023-07-17 17:25:35 info: =================================
2023-07-17 17:25:37 info: [0mPOST /favorite [33m403[0m 50.855 ms - 41[0m
2023-07-17 17:25:38 info: [0mPOST /favorite [33m403[0m 6.204 ms - 41[0m
2023-07-17 17:25:39 info: [0mPOST /favorite [33m403[0m 9.299 ms - 41[0m
2023-07-17 17:26:12 info: =================================
2023-07-17 17:26:12 info: ======= ENV: development =======
2023-07-17 17:26:12 info: 🚀 App listening on the port 3000
2023-07-17 17:26:12 info: =================================
2023-07-17 17:26:32 info: =================================
2023-07-17 17:26:32 info: ======= ENV: development =======
2023-07-17 17:26:32 info: 🚀 App listening on the port 3000
2023-07-17 17:26:32 info: =================================
2023-07-17 17:26:33 info: [0mPOST /favorite [33m403[0m 25.070 ms - 41[0m
2023-07-17 17:27:12 info: =================================
2023-07-17 17:27:12 info: ======= ENV: development =======
2023-07-17 17:27:12 info: 🚀 App listening on the port 3000
2023-07-17 17:27:12 info: =================================
2023-07-17 17:27:17 info: =================================
2023-07-17 17:27:17 info: ======= ENV: development =======
2023-07-17 17:27:17 info: 🚀 App listening on the port 3000
2023-07-17 17:27:17 info: =================================
2023-07-17 17:27:18 info: [0mPOST /favorite [33m403[0m 33.718 ms - 41[0m
2023-07-17 17:27:26 info: [0mPOST /favorite [33m403[0m 8.074 ms - 41[0m
2023-07-17 17:27:28 info: [0mPOST /favorite [33m403[0m 5.693 ms - 41[0m
2023-07-17 17:27:37 info: =================================
2023-07-17 17:27:37 info: ======= ENV: development =======
2023-07-17 17:27:37 info: 🚀 App listening on the port 3000
2023-07-17 17:27:37 info: =================================
2023-07-17 17:27:38 info: [0mPOST /favorite [33m403[0m 31.131 ms - 41[0m
2023-07-17 17:28:08 info: =================================
2023-07-17 17:28:08 info: ======= ENV: development =======
2023-07-17 17:28:08 info: 🚀 App listening on the port 3000
2023-07-17 17:28:08 info: =================================
2023-07-17 17:28:11 info: [0mPOST /favorite [33m403[0m 85.798 ms - 41[0m
2023-07-17 17:28:21 info: =================================
2023-07-17 17:28:21 info: ======= ENV: development =======
2023-07-17 17:28:21 info: 🚀 App listening on the port 3000
2023-07-17 17:28:21 info: =================================
2023-07-17 17:28:24 error: [POST] /favorite >> StatusCode:: 400, Message:: userID should not be empty,userID must be a string
2023-07-17 17:28:24 info: [0mPOST /favorite [33m400[0m 81.882 ms - 64[0m
2023-07-17 17:28:56 info: =================================
2023-07-17 17:28:56 info: ======= ENV: development =======
2023-07-17 17:28:56 info: 🚀 App listening on the port 3000
2023-07-17 17:28:56 info: =================================
2023-07-17 17:28:57 error: [POST] /favorite >> StatusCode:: 500, Message:: Cast to string failed for value "{
  _id: new ObjectId("64b53015b3f1246843247e23"),
  fullName: 'Zarnigor OChilova',
  email: 'zarnigorochilova7591@gmail.com',
  phone: 908997591,
  password: '$2b$10$d/9VCsZdRw3U4.I7J0o/t.Q/Hsa9CPSoD2IJBppimsntG8DLZ4gIW',
  file: '/images/images.png',
  createdAt: 2023-07-17T12:12:05.492Z,
  updatedAt: 2023-07-17T12:12:05.492Z,
  __v: 0
}" (type Object) at path "userID" for model "Favorite"
2023-07-17 17:28:57 info: [0mPOST /favorite [31m500[0m 38.160 ms - 459[0m
2023-07-17 17:29:38 info: =================================
2023-07-17 17:29:38 info: ======= ENV: development =======
2023-07-17 17:29:38 info: 🚀 App listening on the port 3000
2023-07-17 17:29:38 info: =================================
2023-07-17 17:29:39 error: [POST] /favorite >> StatusCode:: 500, Message:: Cast to string failed for value "{
  _id: new ObjectId("64b53015b3f1246843247e23"),
  fullName: 'Zarnigor OChilova',
  email: 'zarnigorochilova7591@gmail.com',
  phone: 908997591,
  password: '$2b$10$d/9VCsZdRw3U4.I7J0o/t.Q/Hsa9CPSoD2IJBppimsntG8DLZ4gIW',
  file: '/images/images.png',
  createdAt: 2023-07-17T12:12:05.492Z,
  updatedAt: 2023-07-17T12:12:05.492Z,
  __v: 0
}" (type Object) at path "userID" for model "Favorite"
2023-07-17 17:29:39 info: [0mPOST /favorite [31m500[0m 42.979 ms - 459[0m
2023-07-17 17:29:57 info: =================================
2023-07-17 17:29:57 info: ======= ENV: development =======
2023-07-17 17:29:57 info: 🚀 App listening on the port 3000
2023-07-17 17:29:57 info: =================================
2023-07-17 17:31:11 info: =================================
2023-07-17 17:31:11 info: ======= ENV: development =======
2023-07-17 17:31:11 info: 🚀 App listening on the port 3000
2023-07-17 17:31:11 info: =================================
2023-07-17 17:31:12 error: [POST] /favorite >> StatusCode:: 500, Message:: Can't use _doc with String.
2023-07-17 17:31:12 info: [0mPOST /favorite [31m500[0m 46.493 ms - 41[0m
2023-07-17 17:32:12 info: =================================
2023-07-17 17:32:12 info: ======= ENV: development =======
2023-07-17 17:32:12 info: 🚀 App listening on the port 3000
2023-07-17 17:32:12 info: =================================
2023-07-17 17:32:13 error: [POST] /favorite >> StatusCode:: 500, Message:: Can't use _doc with String.
2023-07-17 17:32:13 info: [0mPOST /favorite [31m500[0m 42.714 ms - 41[0m
2023-07-17 17:32:29 info: =================================
2023-07-17 17:32:29 info: ======= ENV: development =======
2023-07-17 17:32:29 info: 🚀 App listening on the port 3000
2023-07-17 17:32:29 info: =================================
2023-07-17 17:32:31 error: [POST] /favorite >> StatusCode:: 500, Message:: Can't use _doc with String.
2023-07-17 17:32:31 info: [0mPOST /favorite [31m500[0m 36.313 ms - 41[0m
2023-07-17 17:32:53 info: =================================
2023-07-17 17:32:53 info: ======= ENV: development =======
2023-07-17 17:32:53 info: 🚀 App listening on the port 3000
2023-07-17 17:32:53 info: =================================
2023-07-17 17:32:54 error: [POST] /favorite >> StatusCode:: 500, Message:: Can't use _doc with String.
2023-07-17 17:32:54 info: [0mPOST /favorite [31m500[0m 36.782 ms - 41[0m
2023-07-17 17:33:33 info: =================================
2023-07-17 17:33:33 info: ======= ENV: development =======
2023-07-17 17:33:33 info: 🚀 App listening on the port 3000
2023-07-17 17:33:33 info: =================================
2023-07-17 17:33:35 error: [POST] /favorite >> StatusCode:: 500, Message:: Cast to string failed for value "{
  _id: new ObjectId("64b53015b3f1246843247e23"),
  fullName: 'Zarnigor OChilova',
  email: 'zarnigorochilova7591@gmail.com',
  phone: 908997591,
  password: '$2b$10$d/9VCsZdRw3U4.I7J0o/t.Q/Hsa9CPSoD2IJBppimsntG8DLZ4gIW',
  file: '/images/images.png',
  createdAt: 2023-07-17T12:12:05.492Z,
  updatedAt: 2023-07-17T12:12:05.492Z,
  __v: 0
}" (type Object) at path "userID" for model "Favorite"
2023-07-17 17:33:35 info: [0mPOST /favorite [31m500[0m 50.908 ms - 459[0m
2023-07-17 17:33:46 info: =================================
2023-07-17 17:33:46 info: ======= ENV: development =======
2023-07-17 17:33:46 info: 🚀 App listening on the port 3000
2023-07-17 17:33:46 info: =================================
2023-07-17 17:34:06 info: =================================
2023-07-17 17:34:06 info: ======= ENV: development =======
2023-07-17 17:34:06 info: 🚀 App listening on the port 3000
2023-07-17 17:34:06 info: =================================
2023-07-17 17:34:15 info: =================================
2023-07-17 17:34:15 info: ======= ENV: development =======
2023-07-17 17:34:15 info: 🚀 App listening on the port 3000
2023-07-17 17:34:15 info: =================================
2023-07-17 17:34:17 error: [POST] /favorite >> StatusCode:: 500, Message:: Cast to string failed for value "{
  _id: new ObjectId("64b53015b3f1246843247e23"),
  fullName: 'Zarnigor OChilova',
  email: 'zarnigorochilova7591@gmail.com',
  phone: 908997591,
  password: '$2b$10$d/9VCsZdRw3U4.I7J0o/t.Q/Hsa9CPSoD2IJBppimsntG8DLZ4gIW',
  file: '/images/images.png',
  createdAt: 2023-07-17T12:12:05.492Z,
  updatedAt: 2023-07-17T12:12:05.492Z,
  __v: 0
}" (type Object) at path "userID" for model "Favorite"
2023-07-17 17:34:17 info: [0mPOST /favorite [31m500[0m 39.170 ms - 459[0m
2023-07-17 17:34:52 info: =================================
2023-07-17 17:34:52 info: ======= ENV: development =======
2023-07-17 17:34:52 info: 🚀 App listening on the port 3000
2023-07-17 17:34:52 info: =================================
2023-07-17 17:34:54 error: [POST] /favorite >> StatusCode:: 500, Message:: products_model_1.ProductModel.save is not a function
2023-07-17 17:34:54 info: [0mPOST /favorite [31m500[0m 50.263 ms - 66[0m
2023-07-17 17:36:05 info: =================================
2023-07-17 17:36:05 info: ======= ENV: development =======
2023-07-17 17:36:05 info: 🚀 App listening on the port 3000
2023-07-17 17:36:05 info: =================================
2023-07-17 17:36:16 info: =================================
2023-07-17 17:36:16 info: ======= ENV: development =======
2023-07-17 17:36:16 info: 🚀 App listening on the port 3000
2023-07-17 17:36:16 info: =================================
2023-07-17 17:36:18 error: [POST] /favorite >> StatusCode:: 500, Message:: Cast to string failed for value "{
  _id: new ObjectId("64b53015b3f1246843247e23"),
  fullName: 'Zarnigor OChilova',
  email: 'zarnigorochilova7591@gmail.com',
  phone: 908997591,
  password: '$2b$10$d/9VCsZdRw3U4.I7J0o/t.Q/Hsa9CPSoD2IJBppimsntG8DLZ4gIW',
  file: '/images/images.png',
  createdAt: 2023-07-17T12:12:05.492Z,
  updatedAt: 2023-07-17T12:12:05.492Z,
  __v: 0
}" (type Object) at path "userID" for model "Favorite"
2023-07-17 17:36:18 info: [0mPOST /favorite [31m500[0m 48.913 ms - 459[0m
2023-07-17 17:36:35 info: =================================
2023-07-17 17:36:35 info: ======= ENV: development =======
2023-07-17 17:36:35 info: 🚀 App listening on the port 3000
2023-07-17 17:36:35 info: =================================
2023-07-17 17:36:36 error: [POST] /favorite >> StatusCode:: 500, Message:: products_model_1.ProductModel.save is not a function
2023-07-17 17:36:36 info: [0mPOST /favorite [31m500[0m 42.558 ms - 66[0m
2023-07-17 17:37:06 info: =================================
2023-07-17 17:37:06 info: ======= ENV: development =======
2023-07-17 17:37:06 info: 🚀 App listening on the port 3000
2023-07-17 17:37:06 info: =================================
2023-07-17 17:37:14 info: =================================
2023-07-17 17:37:14 info: ======= ENV: development =======
2023-07-17 17:37:14 info: 🚀 App listening on the port 3000
2023-07-17 17:37:14 info: =================================
2023-07-17 17:37:25 info: =================================
2023-07-17 17:37:25 info: ======= ENV: development =======
2023-07-17 17:37:25 info: 🚀 App listening on the port 3000
2023-07-17 17:37:25 info: =================================
2023-07-17 17:37:27 error: [POST] /favorite >> StatusCode:: 500, Message:: products_model_1.ProductModel.save is not a function
2023-07-17 17:37:27 info: [0mPOST /favorite [31m500[0m 106.498 ms - 66[0m
2023-07-17 17:38:31 info: =================================
2023-07-17 17:38:31 info: ======= ENV: development =======
2023-07-17 17:38:31 info: 🚀 App listening on the port 3000
2023-07-17 17:38:31 info: =================================
2023-07-17 17:38:31 info: [0mPOST /favorite [32m201[0m 71.245 ms - 224[0m
2023-07-17 17:39:25 info: =================================
2023-07-17 17:39:25 info: ======= ENV: development =======
2023-07-17 17:39:25 info: 🚀 App listening on the port 3000
2023-07-17 17:39:25 info: =================================
2023-07-17 17:39:33 info: =================================
2023-07-17 17:39:33 info: ======= ENV: development =======
2023-07-17 17:39:33 info: 🚀 App listening on the port 3000
2023-07-17 17:39:33 info: =================================
2023-07-17 17:39:41 info: [0mPUT /favorite/64b53647d8d51f563106a87e [33m404[0m 27.840 ms - 172[0m
2023-07-17 17:39:45 info: [0mPUT /favorite/64b53647d8d51f563106a87e [33m404[0m 3.251 ms - 172[0m
2023-07-17 17:39:52 info: [0mDELETE /favorite/64b53647d8d51f563106a87e [32m200[0m 101.414 ms - 224[0m
2023-07-17 17:40:33 info: =================================
2023-07-17 17:40:33 info: ======= ENV: development =======
2023-07-17 17:40:33 info: 🚀 App listening on the port 3000
2023-07-17 17:40:33 info: =================================
2023-07-17 17:41:04 error: [DELETE] /favorite/64b53647d8d51f563106a87e >> StatusCode:: 500, Message:: jwt must be provided
2023-07-17 17:41:04 info: [0mDELETE /favorite/64b53647d8d51f563106a87e [31m500[0m 41.910 ms - 34[0m
2023-07-17 17:41:05 error: [DELETE] /favorite/64b53647d8d51f563106a87e >> StatusCode:: 500, Message:: jwt must be provided
2023-07-17 17:41:05 info: [0mDELETE /favorite/64b53647d8d51f563106a87e [31m500[0m 7.889 ms - 34[0m
2023-07-17 17:44:27 info: =================================
2023-07-17 17:44:27 info: ======= ENV: development =======
2023-07-17 17:44:27 info: 🚀 App listening on the port 3000
2023-07-17 17:44:27 info: =================================
2023-07-17 17:48:02 info: =================================
2023-07-17 17:48:02 info: ======= ENV: development =======
2023-07-17 17:48:02 info: 🚀 App listening on the port 3000
2023-07-17 17:48:02 info: =================================
2023-07-17 17:48:30 info: =================================
2023-07-17 17:48:30 info: ======= ENV: development =======
2023-07-17 17:48:30 info: 🚀 App listening on the port 3000
2023-07-17 17:48:30 info: =================================
2023-07-17 17:48:34 info: =================================
2023-07-17 17:48:34 info: ======= ENV: development =======
2023-07-17 17:48:34 info: 🚀 App listening on the port 3000
2023-07-17 17:48:34 info: =================================
2023-07-17 18:02:25 info: [0mPOST /admin [32m201[0m 312.238 ms - 174[0m
2023-07-17 18:03:19 info: =================================
2023-07-17 18:03:19 info: ======= ENV: development =======
2023-07-17 18:03:19 info: 🚀 App listening on the port 3000
2023-07-17 18:03:19 info: =================================
2023-07-17 18:03:25 info: [0mPOST /admin [32m201[0m 253.395 ms - 374[0m
2023-07-17 18:04:08 info: [0mPOST /admin/64b5259e426dab846ae492ef [33m404[0m 3.830 ms - 170[0m
2023-07-17 18:04:13 error: [PUT] /admin/64b5259e426dab846ae492ef >> StatusCode:: 409, Message:: You are not the required admin
2023-07-17 18:04:13 info: [0mPUT /admin/64b5259e426dab846ae492ef [33m409[0m 19.037 ms - 44[0m
2023-07-17 18:04:46 info: [0mPUT /admin/64b53c1dd5aa8d1712a1f6b2 [32m200[0m 197.046 ms - 176[0m
2023-07-17 18:04:57 info: [0mPUT /admin/64b53c1dd5aa8d1712a1f6b2 [33m403[0m 8.511 ms - 50[0m
2023-07-17 18:05:00 info: [0mPUT /admin/64b53c1dd5aa8d1712a1f6b2 [33m403[0m 6.244 ms - 50[0m
2023-07-17 18:05:01 info: [0mPUT /admin/64b53c1dd5aa8d1712a1f6b2 [33m403[0m 3.753 ms - 50[0m
2023-07-17 18:05:32 info: [0mPUT /admin/64b53c1dd5aa8d1712a1f6b2 [33m403[0m 6.690 ms - 50[0m
2023-07-17 18:07:01 info: =================================
2023-07-17 18:07:01 info: ======= ENV: development =======
2023-07-17 18:07:01 info: 🚀 App listening on the port 3000
2023-07-17 18:07:01 info: =================================
2023-07-17 18:07:38 info: =================================
2023-07-17 18:07:38 info: ======= ENV: development =======
2023-07-17 18:07:38 info: 🚀 App listening on the port 3000
2023-07-17 18:07:38 info: =================================
2023-07-17 18:07:53 info: =================================
2023-07-17 18:07:53 info: ======= ENV: development =======
2023-07-17 18:07:53 info: 🚀 App listening on the port 3000
2023-07-17 18:07:53 info: =================================
2023-07-17 18:08:01 info: [0mPOST /admin [32m201[0m 271.700 ms - -[0m
2023-07-17 18:08:28 info: [0mPUT /admin/64b53c1dd5aa8d1712a1f6b2 [33m403[0m 16.467 ms - 50[0m
2023-07-17 18:08:35 info: [0mPUT /admin/64b53d3049dd9a59a368ca91 [33m403[0m 4.860 ms - 50[0m
2023-07-17 18:08:36 info: [0mPUT /admin/64b53d3049dd9a59a368ca91 [33m403[0m 8.720 ms - 50[0m
2023-07-17 18:08:37 info: [0mPUT /admin/64b53d3049dd9a59a368ca91 [33m403[0m 4.053 ms - 50[0m
2023-07-17 18:08:54 info: =================================
2023-07-17 18:08:54 info: ======= ENV: development =======
2023-07-17 18:08:54 info: 🚀 App listening on the port 3000
2023-07-17 18:08:54 info: =================================
2023-07-17 18:08:57 info: [0mPUT /admin/64b53d3049dd9a59a368ca91 [33m403[0m 29.755 ms - 50[0m
2023-07-17 18:09:44 info: =================================
2023-07-17 18:09:44 info: ======= ENV: development =======
2023-07-17 18:09:44 info: 🚀 App listening on the port 3000
2023-07-17 18:09:44 info: =================================
2023-07-17 18:09:50 info: [0mPUT /admin/64b53d3049dd9a59a368ca91 [33m403[0m 34.154 ms - 50[0m
2023-07-17 18:11:01 info: [0mPUT /admin/64b53d3049dd9a59a368ca91 [33m403[0m 7.163 ms - 50[0m
2023-07-17 18:11:22 info: =================================
2023-07-17 18:11:22 info: ======= ENV: development =======
2023-07-17 18:11:22 info: 🚀 App listening on the port 3000
2023-07-17 18:11:22 info: =================================
2023-07-17 18:11:37 info: [0mPUT /admin/64b53d3049dd9a59a368ca91 [32m200[0m 118.509 ms - 178[0m
2023-07-17 18:11:43 info: [0mPUT /admin/64b53d3049dd9a59a368ca91 [32m200[0m 165.700 ms - 179[0m
2023-07-17 18:12:57 info: =================================
2023-07-17 18:12:57 info: ======= ENV: development =======
2023-07-17 18:12:57 info: 🚀 App listening on the port 3000
2023-07-17 18:12:57 info: =================================
2023-07-17 18:13:41 info: [0mPOST / [33m404[0m 36.909 ms - 140[0m
2023-07-17 18:14:07 error: [POST] /favorite >> StatusCode:: 500, Message:: jwt expired
2023-07-17 18:14:07 info: [0mPOST /favorite [31m500[0m 12.284 ms - 25[0m
2023-07-17 18:14:08 error: [POST] /favorite >> StatusCode:: 500, Message:: jwt expired
2023-07-17 18:14:08 info: [0mPOST /favorite [31m500[0m 4.401 ms - 25[0m
2023-07-17 18:15:23 info: =================================
2023-07-17 18:15:23 info: ======= ENV: development =======
2023-07-17 18:15:23 info: 🚀 App listening on the port 3000
2023-07-17 18:15:23 info: =================================
2023-07-17 18:15:50 info: [0mPOST /generateOtpByEmail [32m200[0m 1292.077 ms - 123[0m
2023-07-17 18:16:27 info: [0mPOST /confirmOtp [32m200[0m 16.779 ms - 24[0m
2023-07-17 18:17:51 info: [0mPOST /signup [32m201[0m 173.308 ms - 354[0m
2023-07-17 18:25:27 info: =================================
2023-07-17 18:25:27 info: ======= ENV: development =======
2023-07-17 18:25:27 info: 🚀 App listening on the port 3000
2023-07-17 18:25:27 info: =================================
2023-07-17 18:26:09 info: =================================
2023-07-17 18:26:09 info: ======= ENV: development =======
2023-07-17 18:26:09 info: 🚀 App listening on the port 3000
2023-07-17 18:26:09 info: =================================
2023-07-17 18:26:19 info: =================================
2023-07-17 18:26:19 info: ======= ENV: development =======
2023-07-17 18:26:19 info: 🚀 App listening on the port 3000
2023-07-17 18:26:19 info: =================================
2023-07-17 18:26:24 info: =================================
2023-07-17 18:26:24 info: ======= ENV: development =======
2023-07-17 18:26:24 info: 🚀 App listening on the port 3000
2023-07-17 18:26:24 info: =================================
2023-07-17 18:26:33 error: [POST] /signup >> StatusCode:: 409, Message:: This email zarnigorochilova7591@gmail.com already exists
2023-07-17 18:26:33 info: [0mPOST /signup [33m409[0m 66.318 ms - 70[0m
2023-07-17 18:26:42 error: [POST] /signup >> StatusCode:: 500, Message:: Expected "payload" to be a plain object.
2023-07-17 18:26:42 info: [0mPOST /signup [31m500[0m 205.250 ms - 56[0m
2023-07-17 18:26:46 error: [POST] /signup >> StatusCode:: 409, Message:: This email zarnigorochilova7591@gmail.com already exists
2023-07-17 18:26:46 info: [0mPOST /signup [33m409[0m 10.397 ms - 70[0m
2023-07-17 18:26:47 error: [POST] /signup >> StatusCode:: 409, Message:: This email zarnigorochilova7591@gmail.com already exists
2023-07-17 18:26:47 info: [0mPOST /signup [33m409[0m 10.695 ms - 70[0m
2023-07-17 18:27:11 info: =================================
2023-07-17 18:27:11 info: ======= ENV: development =======
2023-07-17 18:27:11 info: 🚀 App listening on the port 3000
2023-07-17 18:27:11 info: =================================
2023-07-17 18:27:17 error: [POST] /signup >> StatusCode:: 500, Message:: Expected "payload" to be a plain object.
2023-07-17 18:27:17 info: [0mPOST /signup [31m500[0m 301.348 ms - 56[0m
2023-07-17 18:27:49 info: =================================
2023-07-17 18:27:49 info: ======= ENV: development =======
2023-07-17 18:27:49 info: 🚀 App listening on the port 3000
2023-07-17 18:27:49 info: =================================
2023-07-17 18:28:10 info: =================================
2023-07-17 18:28:10 info: ======= ENV: development =======
2023-07-17 18:28:10 info: 🚀 App listening on the port 3000
2023-07-17 18:28:10 info: =================================
2023-07-17 18:28:41 info: =================================
2023-07-17 18:28:41 info: ======= ENV: development =======
2023-07-17 18:28:41 info: 🚀 App listening on the port 3000
2023-07-17 18:28:41 info: =================================
2023-07-17 18:28:47 error: [POST] /signup >> StatusCode:: 500, Message:: Expected "payload" to be a plain object.
2023-07-17 18:28:47 info: [0mPOST /signup [31m500[0m 265.140 ms - 56[0m
2023-07-17 18:29:34 info: =================================
2023-07-17 18:29:34 info: ======= ENV: development =======
2023-07-17 18:29:34 info: 🚀 App listening on the port 3000
2023-07-17 18:29:34 info: =================================
2023-07-17 18:30:40 info: =================================
2023-07-17 18:30:40 info: ======= ENV: development =======
2023-07-17 18:30:40 info: 🚀 App listening on the port 3000
2023-07-17 18:30:40 info: =================================
2023-07-17 18:32:50 info: =================================
2023-07-17 18:32:50 info: ======= ENV: development =======
2023-07-17 18:32:50 info: 🚀 App listening on the port 3000
2023-07-17 18:32:50 info: =================================
2023-07-17 18:32:59 info: =================================
2023-07-17 18:32:59 info: ======= ENV: development =======
2023-07-17 18:32:59 info: 🚀 App listening on the port 3000
2023-07-17 18:32:59 info: =================================
2023-07-17 18:33:18 error: [POST] /signup >> StatusCode:: 500, Message:: Expected "payload" to be a plain object.
2023-07-17 18:33:18 info: [0mPOST /signup [31m500[0m 257.628 ms - 56[0m
2023-07-17 18:33:19 error: [POST] /signup >> StatusCode:: 409, Message:: This email zarnigorochilova7591@gmail.com already exists
2023-07-17 18:33:19 info: [0mPOST /signup [33m409[0m 13.217 ms - 70[0m
2023-07-17 18:33:37 info: =================================
2023-07-17 18:33:37 info: ======= ENV: development =======
2023-07-17 18:33:37 info: 🚀 App listening on the port 3000
2023-07-17 18:33:37 info: =================================
2023-07-17 18:33:47 error: [POST] /signup >> StatusCode:: 500, Message:: Expected "payload" to be a plain object.
2023-07-17 18:33:47 info: [0mPOST /signup [31m500[0m 285.076 ms - 56[0m
2023-07-17 18:37:46 info: =================================
2023-07-17 18:37:46 info: ======= ENV: development =======
2023-07-17 18:37:46 info: 🚀 App listening on the port 3000
2023-07-17 18:37:46 info: =================================
2023-07-17 18:37:58 info: =================================
2023-07-17 18:37:58 info: ======= ENV: development =======
2023-07-17 18:37:58 info: 🚀 App listening on the port 3000
2023-07-17 18:37:58 info: =================================
2023-07-17 18:38:04 error: [POST] /signup >> StatusCode:: 500, Message:: Expected "payload" to be a plain object.
2023-07-17 18:38:04 info: [0mPOST /signup [31m500[0m 112.457 ms - 56[0m
2023-07-17 18:38:05 error: [POST] /signup >> StatusCode:: 409, Message:: This email zarnigorochilova7591@gmail.com already exists
2023-07-17 18:38:05 info: [0mPOST /signup [33m409[0m 19.936 ms - 70[0m
2023-07-17 18:38:41 error: [POST] /signup >> StatusCode:: 500, Message:: Expected "payload" to be a plain object.
2023-07-17 18:38:41 info: [0mPOST /signup [31m500[0m 81.663 ms - 56[0m
2023-07-17 18:39:11 info: =================================
2023-07-17 18:39:11 info: ======= ENV: development =======
2023-07-17 18:39:11 info: 🚀 App listening on the port 3000
2023-07-17 18:39:11 info: =================================
2023-07-17 18:39:18 info: [0mPOST /signup [32m201[0m 260.239 ms - 354[0m
2023-07-17 18:45:07 info: =================================
2023-07-17 18:45:07 info: ======= ENV: development =======
2023-07-17 18:45:07 info: 🚀 App listening on the port 3000
2023-07-17 18:45:07 info: =================================
2023-07-17 18:45:16 error: [POST] /signup >> StatusCode:: 500, Message:: Expected "payload" to be a plain object.
2023-07-17 18:45:16 info: [0mPOST /signup [31m500[0m 256.762 ms - 56[0m
2023-07-17 18:45:18 error: [POST] /signup >> StatusCode:: 409, Message:: This email zarnigorochilova7591@gmail.com already exists
2023-07-17 18:45:18 info: [0mPOST /signup [33m409[0m 20.854 ms - 70[0m
2023-07-17 18:45:57 info: =================================
2023-07-17 18:45:57 info: ======= ENV: development =======
2023-07-17 18:45:57 info: 🚀 App listening on the port 3000
2023-07-17 18:45:57 info: =================================
2023-07-17 18:46:25 error: [POST] /signup >> StatusCode:: 500, Message:: Expected "payload" to be a plain object.
2023-07-17 18:46:25 info: [0mPOST /signup [31m500[0m 255.379 ms - 56[0m
2023-07-17 18:49:55 info: =================================
2023-07-17 18:49:55 info: ======= ENV: development =======
2023-07-17 18:49:55 info: 🚀 App listening on the port 3000
2023-07-17 18:49:55 info: =================================
2023-07-17 18:50:02 info: [0mPOST /signup [32m201[0m 218.492 ms - 354[0m
2023-07-17 18:51:31 info: =================================
2023-07-17 18:51:31 info: ======= ENV: development =======
2023-07-17 18:51:31 info: 🚀 App listening on the port 3000
2023-07-17 18:51:31 info: =================================
2023-07-17 18:52:03 info: =================================
2023-07-17 18:52:03 info: ======= ENV: development =======
2023-07-17 18:52:03 info: 🚀 App listening on the port 3000
2023-07-17 18:52:03 info: =================================
2023-07-17 18:52:13 info: [0mPOST /signup [32m201[0m 271.497 ms - -[0m
2023-07-17 18:53:15 info: =================================
2023-07-17 18:53:15 info: ======= ENV: development =======
2023-07-17 18:53:15 info: 🚀 App listening on the port 3000
2023-07-17 18:53:15 info: =================================
2023-07-17 18:54:23 info: [0mPOST /favorite [33m403[0m 55.363 ms - 41[0m
2023-07-17 18:54:52 info: =================================
2023-07-17 18:54:52 info: ======= ENV: development =======
2023-07-17 18:54:52 info: 🚀 App listening on the port 3000
2023-07-17 18:54:52 info: =================================
2023-07-17 18:54:53 info: [0mPOST /favorite [32m201[0m 143.276 ms - 224[0m
2023-07-17 18:55:21 error: [DELETE] /favorite/64b19dd3f08911a5d77f8a86 >> StatusCode:: 409, Message:: Favorite doesn't exist
2023-07-17 18:55:21 info: [0mDELETE /favorite/64b19dd3f08911a5d77f8a86 [33m409[0m 22.932 ms - 36[0m
2023-07-17 18:56:06 error: [DELETE] /favorite/64b26c50b9b236820c9b827a >> StatusCode:: 409, Message:: Favorite doesn't exist
2023-07-17 18:56:06 info: [0mDELETE /favorite/64b26c50b9b236820c9b827a [33m409[0m 15.603 ms - 36[0m
2023-07-17 18:56:38 error: [POST] /favorite >> StatusCode:: 409, Message:: This email undefined already exists
2023-07-17 18:56:38 info: [0mPOST /favorite [33m409[0m 19.882 ms - 49[0m
2023-07-17 18:57:54 info: =================================
2023-07-17 18:57:54 info: ======= ENV: development =======
2023-07-17 18:57:54 info: 🚀 App listening on the port 3000
2023-07-17 18:57:54 info: =================================
2023-07-17 18:57:57 error: [POST] /favorite >> StatusCode:: 409, Message:: This email undefined already exists
2023-07-17 18:57:57 info: [0mPOST /favorite [33m409[0m 100.325 ms - 49[0m
2023-07-17 18:58:41 info: =================================
2023-07-17 18:58:41 info: ======= ENV: development =======
2023-07-17 18:58:41 info: 🚀 App listening on the port 3000
2023-07-17 18:58:41 info: =================================
2023-07-17 18:58:42 error: [POST] /favorite >> StatusCode:: 409, Message:: This email undefined already exists
2023-07-17 18:58:42 info: [0mPOST /favorite [33m409[0m 90.207 ms - 49[0m
2023-07-17 18:59:06 info: =================================
2023-07-17 18:59:06 info: ======= ENV: development =======
2023-07-17 18:59:06 info: 🚀 App listening on the port 3000
2023-07-17 18:59:06 info: =================================
2023-07-17 18:59:33 info: =================================
2023-07-17 18:59:33 info: ======= ENV: development =======
2023-07-17 18:59:33 info: 🚀 App listening on the port 3000
2023-07-17 18:59:33 info: =================================
2023-07-17 18:59:55 error: [POST] /favorite >> StatusCode:: 500, Message:: favorites_model_1.FavoriteModel.findAdminById is not a function
2023-07-17 18:59:55 info: [0mPOST /favorite [31m500[0m 65.180 ms - 77[0m
2023-07-17 19:00:33 info: =================================
2023-07-17 19:00:33 info: ======= ENV: development =======
2023-07-17 19:00:33 info: 🚀 App listening on the port 3000
2023-07-17 19:00:33 info: =================================
2023-07-17 19:00:38 info: [0mPOST /favorite [32m201[0m 132.785 ms - 224[0m
2023-07-17 19:01:00 error: [DELETE] /favorite/64b2c2a55ea5f9b61392fefb >> StatusCode:: 409, Message:: Favorite doesn't exist
2023-07-17 19:01:00 info: [0mDELETE /favorite/64b2c2a55ea5f9b61392fefb [33m409[0m 27.189 ms - 36[0m
2023-07-17 19:01:51 error: [DELETE] /favorite/64b2c2d863883422ad36a595 >> StatusCode:: 409, Message:: Favorite doesn't exist
2023-07-17 19:01:51 info: [0mDELETE /favorite/64b2c2d863883422ad36a595 [33m409[0m 12.293 ms - 36[0m
2023-07-17 19:02:16 info: =================================
2023-07-17 19:02:16 info: ======= ENV: development =======
2023-07-17 19:02:16 info: 🚀 App listening on the port 3000
2023-07-17 19:02:16 info: =================================
2023-07-17 19:02:16 error: [DELETE] /favorite/64b2c2d863883422ad36a595 >> StatusCode:: 409, Message:: Favorite doesn't exist
2023-07-17 19:02:16 info: [0mDELETE /favorite/64b2c2d863883422ad36a595 [33m409[0m 82.021 ms - 36[0m
2023-07-17 19:03:04 info: [0mDELETE /favorite/64b5482d524235824968475d [32m200[0m 80.708 ms - 224[0m
2023-07-17 19:03:13 info: [0mDELETE /favorite/64b5498602f9cc4c4e74a7cf [32m200[0m 20.610 ms - 224[0m
2023-07-17 19:03:14 error: [DELETE] /favorite/64b5498602f9cc4c4e74a7cf >> StatusCode:: 409, Message:: Favorite doesn't exist
2023-07-17 19:03:14 info: [0mDELETE /favorite/64b5498602f9cc4c4e74a7cf [33m409[0m 11.502 ms - 36[0m
2023-07-17 19:03:15 error: [DELETE] /favorite/64b5498602f9cc4c4e74a7cf >> StatusCode:: 409, Message:: Favorite doesn't exist
2023-07-17 19:03:15 info: [0mDELETE /favorite/64b5498602f9cc4c4e74a7cf [33m409[0m 20.863 ms - 36[0m
2023-07-17 19:03:45 info: [0mPOST /favorite [32m201[0m 48.297 ms - 224[0m
2023-07-17 19:04:18 info: =================================
2023-07-17 19:04:18 info: ======= ENV: development =======
2023-07-17 19:04:18 info: 🚀 App listening on the port 3000
2023-07-17 19:04:18 info: =================================
2023-07-17 19:04:22 info: [0mDELETE /favorite/64b54a418ef707cbc122c196 [32m200[0m 115.221 ms - 224[0m
2023-07-17 23:44:12 info: =================================
2023-07-17 23:44:12 info: ======= ENV: development =======
2023-07-17 23:44:12 info: 🚀 App listening on the port 3000
2023-07-17 23:44:12 info: =================================
2023-07-17 23:45:49 info: =================================
2023-07-17 23:45:49 info: ======= ENV: development =======
2023-07-17 23:45:49 info: 🚀 App listening on the port 3000
2023-07-17 23:45:49 info: =================================
2023-07-17 23:46:11 info: =================================
2023-07-17 23:46:11 info: ======= ENV: development =======
2023-07-17 23:46:11 info: 🚀 App listening on the port 3000
2023-07-17 23:46:11 info: =================================
2023-07-17 23:46:52 error: [DELETE] /favorite/64b54a418ef707cbc122c196 >> StatusCode:: 500, Message:: jwt expired
2023-07-17 23:46:52 info: [0mDELETE /favorite/64b54a418ef707cbc122c196 [31m500[0m 52.815 ms - 25[0m
2023-07-17 23:48:29 error: [POST] /signup >> StatusCode:: 409, Message:: invalit token
2023-07-17 23:48:29 info: [0mPOST /signup [33m409[0m 17.800 ms - 27[0m
2023-07-17 23:49:16 info: =================================
2023-07-17 23:49:16 info: ======= ENV: development =======
2023-07-17 23:49:16 info: 🚀 App listening on the port 3000
2023-07-17 23:49:16 info: =================================
2023-07-17 23:49:45 info: [0mPOST /generateOtpByEmail [32m200[0m 4297.034 ms - 123[0m
2023-07-17 23:50:33 info: [0mPOST /confirmOtp [32m200[0m 24.328 ms - 24[0m
2023-07-17 23:51:06 info: [0mPOST /signup [32m201[0m 226.173 ms - -[0m
2023-07-17 23:51:54 info: [0mPOST /favorite [32m201[0m 53.546 ms - 224[0m
2023-07-17 23:52:46 info: [0mDELETE /favorite/64b58dca710de2cad5b404a6 [32m200[0m 37.026 ms - 224[0m
2023-07-17 23:53:15 info: [0mPOST /favorite [32m201[0m 39.005 ms - 224[0m
2023-07-17 23:53:42 info: [0mPOST /favorite [32m201[0m 37.036 ms - 224[0m
2023-07-17 23:54:16 info: [0mPOST /favorite/64b58e36710de2cad5b404b7 [33m404[0m 3.748 ms - 173[0m
2023-07-17 23:54:25 info: [0mDELETE /favorite/64b58e36710de2cad5b404b7 [32m200[0m 29.726 ms - 224[0m
2023-07-17 23:55:05 info: [0mDELETE /favorite/64b58e1b710de2cad5b404b1 [32m200[0m 34.985 ms - 224[0m
