2023-07-24 17:55:14 info: =================================
2023-07-24 17:55:14 info: ======= ENV: development =======
2023-07-24 17:55:14 info: 🚀 App listening on the port 3000
2023-07-24 17:55:14 info: =================================
2023-07-24 17:57:39 error: [POST] /generateOtpByEmail >> StatusCode:: 400, Message:: email must be an email
2023-07-24 17:57:39 info: [0mPOST /generateOtpByEmail [33m400[0m 49.834 ms - 36[0m
2023-07-24 17:58:10 error: [POST] /generateOtpByEmail >> StatusCode:: 400, Message:: email must be an email
2023-07-24 17:58:10 info: [0mPOST /generateOtpByEmail [33m400[0m 7.516 ms - 36[0m
2023-07-24 17:58:26 info: [0mPOST /generateOtpByEmail [32m200[0m 6365.737 ms - 126[0m
2023-07-24 17:59:11 info: [0mPOST /confirmOtp [32m200[0m 25.060 ms - 36[0m
2023-07-24 18:00:26 error: [POST] /signup >> StatusCode:: 400, Message:: password must be longer than or equal to 9 characters
2023-07-24 18:00:26 info: [0mPOST /signup [33m400[0m 5.379 ms - 67[0m
2023-07-24 18:00:35 info: [0mPOST /signup [32m201[0m 177.558 ms - -[0m
2023-07-24 18:00:49 error: [POST] /signup >> StatusCode:: 400, Message:: phone must be a valid phone number
2023-07-24 18:00:49 info: [0mPOST /signup [33m400[0m 5.305 ms - 48[0m
2023-07-24 18:00:55 error: [POST] /signup >> StatusCode:: 400, Message:: phone must be a valid phone number
2023-07-24 18:00:55 info: [0mPOST /signup [33m400[0m 5.273 ms - 48[0m
2023-07-24 18:01:19 info: =================================
2023-07-24 18:01:19 info: ======= ENV: development =======
2023-07-24 18:01:19 info: 🚀 App listening on the port 3000
2023-07-24 18:01:19 info: =================================
2023-07-24 18:01:21 error: [POST] /signup >> StatusCode:: 409, Message:: This email zarnigorochilova7591@gmail.com already exists
2023-07-24 18:01:21 info: [0mPOST /signup [33m409[0m 35.338 ms - 70[0m
2023-07-24 18:01:34 info: [0mPOST /signup [32m201[0m 190.097 ms - -[0m
2023-07-24 18:08:35 info: =================================
2023-07-24 18:08:35 info: ======= ENV: development =======
2023-07-24 18:08:35 info: 🚀 App listening on the port 3000
2023-07-24 18:08:35 info: =================================
2023-07-24 18:09:50 info: =================================
2023-07-24 18:09:50 info: ======= ENV: development =======
2023-07-24 18:09:50 info: 🚀 App listening on the port 3000
2023-07-24 18:09:50 info: =================================
2023-07-24 18:10:38 info: =================================
2023-07-24 18:10:38 info: ======= ENV: development =======
2023-07-24 18:10:38 info: 🚀 App listening on the port 3000
2023-07-24 18:10:38 info: =================================
2023-07-24 18:10:49 info: =================================
2023-07-24 18:10:49 info: ======= ENV: development =======
2023-07-24 18:10:49 info: 🚀 App listening on the port 3000
2023-07-24 18:10:49 info: =================================
2023-07-24 18:12:03 info: =================================
2023-07-24 18:12:03 info: ======= ENV: development =======
2023-07-24 18:12:03 info: 🚀 App listening on the port 3000
2023-07-24 18:12:03 info: =================================
2023-07-24 18:13:33 info: =================================
2023-07-24 18:13:33 info: ======= ENV: development =======
2023-07-24 18:13:33 info: 🚀 App listening on the port 3000
2023-07-24 18:13:33 info: =================================
2023-07-24 18:13:49 info: =================================
2023-07-24 18:13:49 info: ======= ENV: development =======
2023-07-24 18:13:49 info: 🚀 App listening on the port 3000
2023-07-24 18:13:49 info: =================================
2023-07-24 18:14:42 info: [0mPOST /users [33m404[0m 34.481 ms - 145[0m
2023-07-24 18:14:46 info: [0mPOST /user [33m404[0m 5.830 ms - 144[0m
2023-07-24 18:14:47 info: [0mPOST /user [33m404[0m 0.905 ms - 144[0m
2023-07-24 18:15:03 info: [0mGET /users [33m403[0m 15.206 ms - 50[0m
2023-07-24 18:15:06 info: [0mGET /users [33m403[0m 6.644 ms - 50[0m
2023-07-24 18:15:54 info: =================================
2023-07-24 18:15:54 info: ======= ENV: development =======
2023-07-24 18:15:54 info: 🚀 App listening on the port 3000
2023-07-24 18:15:54 info: =================================
2023-07-24 18:15:56 info: [0mGET /users [33m403[0m 73.237 ms - 50[0m
2023-07-24 18:16:47 info: =================================
2023-07-24 18:16:47 info: ======= ENV: development =======
2023-07-24 18:16:47 info: 🚀 App listening on the port 3000
2023-07-24 18:16:47 info: =================================
2023-07-24 18:16:49 info: [0mGET /users [33m403[0m 23.804 ms - 41[0m
2023-07-24 18:18:29 info: =================================
2023-07-24 18:18:29 info: ======= ENV: development =======
2023-07-24 18:18:29 info: 🚀 App listening on the port 3000
2023-07-24 18:18:29 info: =================================
2023-07-24 18:18:30 info: [0mGET /users [33m403[0m 30.775 ms - 41[0m
2023-07-24 18:21:45 info: =================================
2023-07-24 18:21:45 info: ======= ENV: development =======
2023-07-24 18:21:45 info: 🚀 App listening on the port 3000
2023-07-24 18:21:45 info: =================================
2023-07-24 18:21:58 info: =================================
2023-07-24 18:21:58 info: ======= ENV: development =======
2023-07-24 18:21:58 info: 🚀 App listening on the port 3000
2023-07-24 18:21:58 info: =================================
2023-07-24 18:22:16 info: [0mPOST /signup [32m201[0m 287.345 ms - -[0m
2023-07-24 18:22:28 info: [0mGET / [33m404[0m 3.799 ms - 139[0m
2023-07-24 18:22:33 info: [0mGET / [33m404[0m 4.711 ms - 139[0m
2023-07-24 18:22:44 info: [0mGET /users [33m403[0m 10.884 ms - 41[0m
2023-07-24 18:23:49 info: =================================
2023-07-24 18:23:49 info: ======= ENV: development =======
2023-07-24 18:23:49 info: 🚀 App listening on the port 3000
2023-07-24 18:23:49 info: =================================
2023-07-24 18:24:02 info: =================================
2023-07-24 18:24:02 info: ======= ENV: development =======
2023-07-24 18:24:02 info: 🚀 App listening on the port 3000
2023-07-24 18:24:02 info: =================================
2023-07-24 18:24:11 info: =================================
2023-07-24 18:24:11 info: ======= ENV: development =======
2023-07-24 18:24:11 info: 🚀 App listening on the port 3000
2023-07-24 18:24:11 info: =================================
2023-07-24 18:24:14 info: [0mGET /users [32m200[0m 37.821 ms - 184[0m
2023-07-24 18:24:30 info: [0mGET /users/64be7b08dc8d979f16874f19 [32m200[0m 28.129 ms - 182[0m
