2023-07-13 12:10:03 info: =================================
2023-07-13 12:10:03 info: ======= ENV: development =======
2023-07-13 12:10:03 info: 🚀 App listening on the port 3000
2023-07-13 12:10:03 info: =================================
2023-07-13 12:10:43 info: [0mPOST /generateOtpByEmail [32m200[0m 2807.878 ms - 123[0m
2023-07-13 12:11:07 info: [0mPOST /confirmOtp [32m200[0m 32.838 ms - 24[0m
2023-07-13 12:11:15 info: [0mPOST /signup [32m201[0m 180.669 ms - 312[0m
2023-07-13 12:11:35 error: [PUT] /users/64afa39348d9a71fd12d594f >> StatusCode:: 400, Message:: phone must be a number conforming to the specified constraints
2023-07-13 12:11:35 info: [0mPUT /users/64afa39348d9a71fd12d594f [33m400[0m 15.171 ms - 76[0m
2023-07-13 12:12:04 error: [PUT] /users/64afa39348d9a71fd12d594f >> StatusCode:: 400, Message:: phone must be a number conforming to the specified constraints
2023-07-13 12:12:04 info: [0mPUT /users/64afa39348d9a71fd12d594f [33m400[0m 5.546 ms - 76[0m
2023-07-13 12:12:12 error: [PUT] /users/64afa39348d9a71fd12d594f >> StatusCode:: 400, Message:: phone must be a number conforming to the specified constraints
2023-07-13 12:12:12 info: [0mPUT /users/64afa39348d9a71fd12d594f [33m400[0m 8.549 ms - 76[0m
2023-07-13 12:12:15 error: [PUT] /users/64afa39348d9a71fd12d594f >> StatusCode:: 400, Message:: phone must be a number conforming to the specified constraints
2023-07-13 12:12:15 info: [0mPUT /users/64afa39348d9a71fd12d594f [33m400[0m 7.145 ms - 76[0m
2023-07-13 12:12:16 error: [PUT] /users/64afa39348d9a71fd12d594f >> StatusCode:: 400, Message:: phone must be a number conforming to the specified constraints
2023-07-13 12:12:16 info: [0mPUT /users/64afa39348d9a71fd12d594f [33m400[0m 8.160 ms - 76[0m
2023-07-13 12:13:36 error: [PUT] /users/64afa39348d9a71fd12d594f >> StatusCode:: 400, Message:: phone must be a number conforming to the specified constraints
2023-07-13 12:13:36 info: [0mPUT /users/64afa39348d9a71fd12d594f [33m400[0m 5.508 ms - 76[0m
2023-07-13 12:13:38 error: [PUT] /users/64afa39348d9a71fd12d594f >> StatusCode:: 400, Message:: phone must be a number conforming to the specified constraints
2023-07-13 12:13:38 info: [0mPUT /users/64afa39348d9a71fd12d594f [33m400[0m 7.032 ms - 76[0m
2023-07-13 12:14:16 error: [PUT] /users/64afa39348d9a71fd12d594f >> StatusCode:: 400, Message:: phone should not be empty,phone must be a number conforming to the specified constraints
2023-07-13 12:14:16 info: [0mPUT /users/64afa39348d9a71fd12d594f [33m400[0m 5.455 ms - 102[0m
2023-07-13 12:19:34 error: [PUT] /users/64afa39348d9a71fd12d594f >> StatusCode:: 400, Message:: phone must be a number conforming to the specified constraints
2023-07-13 12:19:34 info: [0mPUT /users/64afa39348d9a71fd12d594f [33m400[0m 4.603 ms - 76[0m
2023-07-13 12:21:05 info: =================================
2023-07-13 12:21:05 info: ======= ENV: development =======
2023-07-13 12:21:05 info: 🚀 App listening on the port 3000
2023-07-13 12:21:05 info: =================================
2023-07-13 12:21:09 error: [PUT] /users/64afa39348d9a71fd12d594f >> StatusCode:: 500, Message:: ENOENT: no such file or directory, open 'D:\practice\Food-delivery-app\project\src\controllers\images\images\Screenshot 2023-07-01 212926.png'
2023-07-13 12:21:09 info: [0mPUT /users/64afa39348d9a71fd12d594f [31m500[0m 23.785 ms - 164[0m
2023-07-13 12:21:29 info: =================================
2023-07-13 12:21:29 info: ======= ENV: development =======
2023-07-13 12:21:29 info: 🚀 App listening on the port 3000
2023-07-13 12:21:29 info: =================================
2023-07-13 12:22:15 info: =================================
2023-07-13 12:22:15 info: ======= ENV: development =======
2023-07-13 12:22:15 info: 🚀 App listening on the port 3000
2023-07-13 12:22:15 info: =================================
2023-07-13 12:22:27 info: =================================
2023-07-13 12:22:27 info: ======= ENV: development =======
2023-07-13 12:22:27 info: 🚀 App listening on the port 3000
2023-07-13 12:22:27 info: =================================
2023-07-13 12:22:31 error: [PUT] /users/64afa39348d9a71fd12d594f >> StatusCode:: 500, Message:: ENOENT: no such file or directory, open 'D:\practice\Food-delivery-app\project\src\upload\images\Screenshot 2023-07-01 212926.png'
2023-07-13 12:22:31 info: [0mPUT /users/64afa39348d9a71fd12d594f [31m500[0m 49.101 ms - 151[0m
2023-07-13 12:22:55 info: =================================
2023-07-13 12:22:55 info: ======= ENV: development =======
2023-07-13 12:22:55 info: 🚀 App listening on the port 3000
2023-07-13 12:22:55 info: =================================
2023-07-13 12:23:01 info: [0mPUT /users/64afa39348d9a71fd12d594f [32m200[0m 208.910 ms - 357[0m
2023-07-13 12:24:21 info: =================================
2023-07-13 12:24:21 info: ======= ENV: development =======
2023-07-13 12:24:21 info: 🚀 App listening on the port 3000
2023-07-13 12:24:21 info: =================================
2023-07-13 12:24:23 info: [0mPUT /users/64afa39348d9a71fd12d594f [32m200[0m 285.465 ms - 334[0m
2023-07-13 12:24:27 error: [GET] /images/my_photo >> StatusCode:: 404, Message:: ENOENT: no such file or directory, stat 'D:\practice\Food-delivery-app\project\src\images\my_photo'
2023-07-13 12:24:27 info: [0mGET /images/my_photo [33m404[0m 19.060 ms - 119[0m
2023-07-13 12:25:34 info: =================================
2023-07-13 12:25:34 info: ======= ENV: development =======
2023-07-13 12:25:34 info: 🚀 App listening on the port 3000
2023-07-13 12:25:34 info: =================================
2023-07-13 12:25:40 info: [0mPUT /users/64afa39348d9a71fd12d594f [32m200[0m 112.879 ms - 334[0m
2023-07-13 12:25:57 info: =================================
2023-07-13 12:25:57 info: ======= ENV: development =======
2023-07-13 12:25:57 info: 🚀 App listening on the port 3000
2023-07-13 12:25:57 info: =================================
2023-07-13 12:26:00 info: [0mPUT /users/64afa39348d9a71fd12d594f [32m200[0m 239.989 ms - 334[0m
2023-07-13 12:26:30 error: [GET] /images/my_photo >> StatusCode:: 404, Message:: ENOENT: no such file or directory, stat 'D:\practice\Food-delivery-app\project\src\images\my_photo'
2023-07-13 12:26:30 info: [0mGET /images/my_photo [33m404[0m 9.143 ms - 119[0m
2023-07-13 12:27:05 info: =================================
2023-07-13 12:27:05 info: ======= ENV: development =======
2023-07-13 12:27:05 info: 🚀 App listening on the port 3000
2023-07-13 12:27:05 info: =================================
2023-07-13 12:27:08 error: [GET] /images/my_photo >> StatusCode:: 404, Message:: ENOENT: no such file or directory, stat 'D:\practice\Food-delivery-app\project\src\images\my_photo'
2023-07-13 12:27:08 info: [0mGET /images/my_photo [33m404[0m 10.505 ms - 119[0m
2023-07-13 12:28:07 info: =================================
2023-07-13 12:28:07 info: ======= ENV: development =======
2023-07-13 12:28:07 info: 🚀 App listening on the port 3000
2023-07-13 12:28:07 info: =================================
2023-07-13 12:28:09 info: [0mGET /images/my_photo [32m200[0m 10.590 ms - 248[0m
2023-07-13 12:28:35 error: [GET] /images/my_photo >> StatusCode:: 404, Message:: ENOENT: no such file or directory, stat 'D:\practice\Food-delivery-app\project\src\upload\images\my_photo'
2023-07-13 12:28:35 info: [0mGET /images/my_photo [33m404[0m 13.081 ms - 127[0m
2023-07-13 12:28:51 info: [0mGET /images/my_photo [32m200[0m 14.545 ms - 248[0m
2023-07-13 12:29:38 info: =================================
2023-07-13 12:29:38 info: ======= ENV: development =======
2023-07-13 12:29:38 info: 🚀 App listening on the port 3000
2023-07-13 12:29:38 info: =================================
2023-07-13 12:29:46 error: [PUT] /users/64afa39348d9a71fd12d594f >> StatusCode:: 500, Message:: The "data" argument must be of type string or an instance of Buffer, TypedArray, or DataView. Received undefined
2023-07-13 12:29:46 info: [0mPUT /users/64afa39348d9a71fd12d594f [31m500[0m 53.775 ms - 128[0m
2023-07-13 12:33:35 info: =================================
2023-07-13 12:33:35 info: ======= ENV: development =======
2023-07-13 12:33:35 info: 🚀 App listening on the port 3000
2023-07-13 12:33:35 info: =================================
2023-07-13 12:33:46 error: [PUT] /users/64afa39348d9a71fd12d594f >> StatusCode:: 500, Message:: The "data" argument must be of type string or an instance of Buffer, TypedArray, or DataView. Received undefined
2023-07-13 12:33:46 info: [0mPUT /users/64afa39348d9a71fd12d594f [31m500[0m 18.416 ms - 128[0m
2023-07-13 12:34:27 info: =================================
2023-07-13 12:34:27 info: ======= ENV: development =======
2023-07-13 12:34:27 info: 🚀 App listening on the port 3000
2023-07-13 12:34:27 info: =================================
2023-07-13 12:34:32 info: [0mPUT /users/64afa39348d9a71fd12d594f [32m200[0m 114.328 ms - 334[0m
2023-07-13 12:36:29 info: =================================
2023-07-13 12:36:29 info: ======= ENV: development =======
2023-07-13 12:36:29 info: 🚀 App listening on the port 3000
2023-07-13 12:36:29 info: =================================
2023-07-13 13:26:58 info: =================================
2023-07-13 13:26:58 info: ======= ENV: development =======
2023-07-13 13:26:58 info: 🚀 App listening on the port 3000
2023-07-13 13:26:58 info: =================================
2023-07-13 13:31:54 info: =================================
2023-07-13 13:31:54 info: ======= ENV: development =======
2023-07-13 13:31:54 info: 🚀 App listening on the port 3000
2023-07-13 13:31:54 info: =================================
2023-07-13 13:31:59 info: [0mPUT /users/64afa39348d9a71fd12d594f [32m200[0m 119.206 ms - 334[0m
2023-07-13 13:32:24 info: =================================
2023-07-13 13:32:24 info: ======= ENV: development =======
2023-07-13 13:32:24 info: 🚀 App listening on the port 3000
2023-07-13 13:32:24 info: =================================
2023-07-13 13:32:31 info: [0mPUT /users/64afa39348d9a71fd12d594f [32m200[0m 300.531 ms - 334[0m
2023-07-13 13:32:46 info: [0mPUT /users/64afa39348d9a71fd12d594f [32m200[0m 211.608 ms - 334[0m
2023-07-13 13:32:55 info: [0mGET /images/my_photo [32m200[0m 5.973 ms - 15[0m
2023-07-13 13:37:28 info: =================================
2023-07-13 13:37:28 info: ======= ENV: development =======
2023-07-13 13:37:28 info: 🚀 App listening on the port 3000
2023-07-13 13:37:28 info: =================================
2023-07-13 13:37:57 info: =================================
2023-07-13 13:37:57 info: ======= ENV: development =======
2023-07-13 13:37:57 info: 🚀 App listening on the port 3000
2023-07-13 13:37:57 info: =================================
2023-07-13 13:39:46 info: =================================
2023-07-13 13:39:46 info: ======= ENV: development =======
2023-07-13 13:39:46 info: 🚀 App listening on the port 3000
2023-07-13 13:39:46 info: =================================
2023-07-13 13:41:18 info: =================================
2023-07-13 13:41:18 info: ======= ENV: development =======
2023-07-13 13:41:18 info: 🚀 App listening on the port 3000
2023-07-13 13:41:18 info: =================================
2023-07-13 13:41:37 info: [0mPUT /users/64afa39348d9a71fd12d594f [32m200[0m 173.041 ms - 358[0m
2023-07-13 13:56:18 info: =================================
2023-07-13 13:56:18 info: ======= ENV: development =======
2023-07-13 13:56:18 info: 🚀 App listening on the port 3000
2023-07-13 13:56:18 info: =================================
2023-07-13 13:56:21 info: [0mPUT /users/64afa39348d9a71fd12d594f [32m200[0m 108.381 ms - 358[0m
2023-07-13 13:56:45 info: =================================
2023-07-13 13:56:45 info: ======= ENV: development =======
2023-07-13 13:56:45 info: 🚀 App listening on the port 3000
2023-07-13 13:56:45 info: =================================
2023-07-13 13:56:48 info: [0mPUT /users/64afa39348d9a71fd12d594f [32m200[0m 216.451 ms - 358[0m
2023-07-13 14:00:29 info: =================================
2023-07-13 14:00:29 info: ======= ENV: development =======
2023-07-13 14:00:29 info: 🚀 App listening on the port 3000
2023-07-13 14:00:29 info: =================================
2023-07-13 14:00:30 info: [0mPUT /users/64afa39348d9a71fd12d594f [32m200[0m 116.018 ms - 356[0m
2023-07-13 14:00:33 info: [0mGET /images/Screenshot2023-07-01230107.png [32m200[0m 11.904 ms - 1802[0m
2023-07-13 14:00:53 info: [0mPUT /users/64afa39348d9a71fd12d594f [32m200[0m 162.797 ms - 356[0m
2023-07-13 14:00:57 info: [0mGET /images/Screenshot2023-07-01212926.png [32m200[0m 2.954 ms - 40954[0m
2023-07-13 14:04:11 error: [PUT] /users/64afa39348d9a71fd12d594f >> StatusCode:: 400, Message:: password must be longer than or equal to 9 characters,password should not be empty
2023-07-13 14:04:11 info: [0mPUT /users/64afa39348d9a71fd12d594f [33m400[0m 11.370 ms - 96[0m
2023-07-13 14:04:39 error: [PUT] /users/64afa39348d9a71fd12d594f >> StatusCode:: 400, Message:: password must be longer than or equal to 9 characters,password should not be empty
2023-07-13 14:04:39 info: [0mPUT /users/64afa39348d9a71fd12d594f [33m400[0m 5.556 ms - 96[0m
2023-07-13 14:12:03 info: =================================
2023-07-13 14:12:03 info: ======= ENV: development =======
2023-07-13 14:12:03 info: 🚀 App listening on the port 3000
2023-07-13 14:12:03 info: =================================
2023-07-13 14:13:27 info: =================================
2023-07-13 14:13:27 info: ======= ENV: development =======
2023-07-13 14:13:27 info: 🚀 App listening on the port 3000
2023-07-13 14:13:27 info: =================================
2023-07-13 14:16:42 info: =================================
2023-07-13 14:16:42 info: ======= ENV: development =======
2023-07-13 14:16:42 info: 🚀 App listening on the port 3000
2023-07-13 14:16:42 info: =================================
2023-07-13 14:17:46 error: [POST] /login >> StatusCode:: 400, Message:: fullName should not be empty,fullName must be a string, phone should not be empty,phone must be a number string
2023-07-13 14:17:46 info: [0mPOST /login [33m400[0m 46.746 ms - 125[0m
2023-07-13 14:20:05 info: =================================
2023-07-13 14:20:05 info: ======= ENV: development =======
2023-07-13 14:20:05 info: 🚀 App listening on the port 3000
2023-07-13 14:20:05 info: =================================
2023-07-13 14:20:07 error: [POST] /login >> StatusCode:: 400, Message:: fullName should not be empty,fullName must be a string, phone should not be empty,phone must be a number string
2023-07-13 14:20:07 info: [0mPOST /login [33m400[0m 17.651 ms - 125[0m
2023-07-13 14:20:26 info: =================================
2023-07-13 14:20:26 info: ======= ENV: development =======
2023-07-13 14:20:26 info: 🚀 App listening on the port 3000
2023-07-13 14:20:26 info: =================================
2023-07-13 14:20:28 error: [POST] /login >> StatusCode:: 400, Message:: fullName should not be empty,fullName must be a string, phone should not be empty,phone must be a number string
2023-07-13 14:20:28 info: [0mPOST /login [33m400[0m 19.285 ms - 125[0m
2023-07-13 14:21:32 info: =================================
2023-07-13 14:21:32 info: ======= ENV: development =======
2023-07-13 14:21:32 info: 🚀 App listening on the port 3000
2023-07-13 14:21:32 info: =================================
2023-07-13 14:21:47 info: =================================
2023-07-13 14:21:47 info: ======= ENV: development =======
2023-07-13 14:21:47 info: 🚀 App listening on the port 3000
2023-07-13 14:21:47 info: =================================
2023-07-13 14:21:50 error: [POST] /login >> StatusCode:: 400, Message:: fullName should not be empty,fullName must be a string, phone should not be empty,phone must be a number string
2023-07-13 14:21:50 info: [0mPOST /login [33m400[0m 49.155 ms - 125[0m
2023-07-13 14:24:25 info: =================================
2023-07-13 14:24:25 info: ======= ENV: development =======
2023-07-13 14:24:25 info: 🚀 App listening on the port 3000
2023-07-13 14:24:25 info: =================================
2023-07-13 14:24:27 error: [POST] /login >> StatusCode:: 409, Message:: Password is not matching
2023-07-13 14:24:27 info: [0mPOST /login [33m409[0m 105.758 ms - 38[0m
2023-07-13 14:24:52 error: [POST] /signup >> StatusCode:: 400, Message:: phone must be a number string
2023-07-13 14:24:52 info: [0mPOST /signup [33m400[0m 11.246 ms - 43[0m
2023-07-13 14:26:57 info: [0mPOST /generateOtpByEmail [32m200[0m 1340.078 ms - 123[0m
2023-07-13 14:27:20 info: [0mPOST /confirmOtp [32m200[0m 9.582 ms - 24[0m
2023-07-13 14:27:34 error: [POST] /signup >> StatusCode:: 400, Message:: phone must be a number string
2023-07-13 14:27:34 info: [0mPOST /signup [33m400[0m 3.585 ms - 43[0m
2023-07-13 14:27:44 error: [POST] /signup >> StatusCode:: 400, Message:: phone must be a number string
2023-07-13 14:27:44 info: [0mPOST /signup [33m400[0m 2.095 ms - 43[0m
2023-07-13 14:27:51 info: [0mPOST /signup [32m201[0m 93.113 ms - 312[0m
2023-07-13 14:28:15 error: [POST] /login >> StatusCode:: 500, Message:: Expected "payload" to be a plain object.
2023-07-13 14:28:15 info: [0mPOST /login [31m500[0m 76.599 ms - 56[0m
2023-07-13 14:29:10 info: =================================
2023-07-13 14:29:10 info: ======= ENV: development =======
2023-07-13 14:29:10 info: 🚀 App listening on the port 3000
2023-07-13 14:29:10 info: =================================
2023-07-13 14:29:28 info: =================================
2023-07-13 14:29:28 info: ======= ENV: development =======
2023-07-13 14:29:28 info: 🚀 App listening on the port 3000
2023-07-13 14:29:28 info: =================================
2023-07-13 14:29:30 error: [POST] /login >> StatusCode:: 500, Message:: Expected "payload" to be a plain object.
2023-07-13 14:29:30 info: [0mPOST /login [31m500[0m 112.161 ms - 56[0m
2023-07-13 14:30:14 error: [POST] /login >> StatusCode:: 409, Message:: Password is not matching
2023-07-13 14:30:14 info: [0mPOST /login [33m409[0m 93.886 ms - 38[0m
2023-07-13 14:30:28 error: [POST] /login >> StatusCode:: 500, Message:: Expected "payload" to be a plain object.
2023-07-13 14:30:28 info: [0mPOST /login [31m500[0m 203.826 ms - 56[0m
2023-07-13 14:35:44 info: =================================
2023-07-13 14:35:44 info: ======= ENV: development =======
2023-07-13 14:35:44 info: 🚀 App listening on the port 3000
2023-07-13 14:35:44 info: =================================
2023-07-13 14:35:50 error: [PUT] /users/64afa39348d9a71fd12d594f >> StatusCode:: 400, Message:: password must be longer than or equal to 9 characters,password should not be empty
2023-07-13 14:35:50 info: [0mPUT /users/64afa39348d9a71fd12d594f [33m400[0m 18.702 ms - 96[0m
2023-07-13 14:36:46 error: [PUT] /users/64afa39348d9a71fd12d594f >> StatusCode:: 409, Message:: User doesn't exist
2023-07-13 14:36:46 info: [0mPUT /users/64afa39348d9a71fd12d594f [33m409[0m 102.194 ms - 32[0m
2023-07-13 14:36:59 info: [0mPUT /users/64afc397b9d995236ae73855 [32m200[0m 103.935 ms - 361[0m
2023-07-13 14:37:04 info: [0mGET /images/Screenshot2023-07-02112637.png [32m200[0m 11.051 ms - 176372[0m
2023-07-13 14:38:08 info: =================================
2023-07-13 14:38:08 info: ======= ENV: development =======
2023-07-13 14:38:08 info: 🚀 App listening on the port 3000
2023-07-13 14:38:08 info: =================================
2023-07-13 14:38:35 error: [POST] /login >> StatusCode:: 400, Message:: email should not be empty,email must be an email
2023-07-13 14:38:35 info: [0mPOST /login [33m400[0m 37.541 ms - 62[0m
2023-07-13 14:38:42 error: [POST] /login >> StatusCode:: 409, Message:: Password is not matching
2023-07-13 14:38:42 info: [0mPOST /login [33m409[0m 198.362 ms - 38[0m
2023-07-13 14:39:06 info: [0mPUT /users/64afc397b9d995236ae73855 [32m200[0m 159.925 ms - 361[0m
2023-07-13 14:39:08 error: [POST] /login >> StatusCode:: 500, Message:: Expected "payload" to be a plain object.
2023-07-13 14:39:08 info: [0mPOST /login [31m500[0m 158.868 ms - 56[0m
2023-07-13 14:40:30 info: [0mPOST /generateOtpByEmail [32m200[0m 1472.081 ms - 123[0m
2023-07-13 14:47:20 info: =================================
2023-07-13 14:47:20 info: ======= ENV: development =======
2023-07-13 14:47:20 info: 🚀 App listening on the port 3000
2023-07-13 14:47:20 info: =================================
2023-07-13 14:47:23 error: [POST] /login >> StatusCode:: 500, Message:: Expected "payload" to be a plain object.
2023-07-13 14:47:23 info: [0mPOST /login [31m500[0m 103.381 ms - 56[0m
2023-07-13 14:47:42 info: =================================
2023-07-13 14:47:42 info: ======= ENV: development =======
2023-07-13 14:47:42 info: 🚀 App listening on the port 3000
2023-07-13 14:47:42 info: =================================
2023-07-13 14:47:44 error: [POST] /login >> StatusCode:: 500, Message:: Expected "payload" to be a plain object.
2023-07-13 14:47:44 info: [0mPOST /login [31m500[0m 112.363 ms - 56[0m
2023-07-13 15:01:32 info: =================================
2023-07-13 15:01:32 info: ======= ENV: development =======
2023-07-13 15:01:32 info: 🚀 App listening on the port 3000
2023-07-13 15:01:32 info: =================================
2023-07-13 15:01:34 info: [0mPOST /login [32m200[0m 274.311 ms - 359[0m
2023-07-13 15:02:06 info: =================================
2023-07-13 15:02:06 info: ======= ENV: development =======
2023-07-13 15:02:06 info: 🚀 App listening on the port 3000
2023-07-13 15:02:06 info: =================================
2023-07-13 15:07:51 info: =================================
2023-07-13 15:07:51 info: ======= ENV: development =======
2023-07-13 15:07:51 info: 🚀 App listening on the port 3000
2023-07-13 15:07:51 info: =================================
2023-07-13 15:09:25 info: =================================
2023-07-13 15:09:25 info: ======= ENV: development =======
2023-07-13 15:09:25 info: 🚀 App listening on the port 3000
2023-07-13 15:09:25 info: =================================
2023-07-13 15:09:35 info: =================================
2023-07-13 15:09:35 info: ======= ENV: development =======
2023-07-13 15:09:35 info: 🚀 App listening on the port 3000
2023-07-13 15:09:35 info: =================================
2023-07-13 15:09:44 info: =================================
2023-07-13 15:09:44 info: ======= ENV: development =======
2023-07-13 15:09:44 info: 🚀 App listening on the port 3000
2023-07-13 15:09:44 info: =================================
2023-07-13 15:09:54 info: =================================
2023-07-13 15:09:54 info: ======= ENV: development =======
2023-07-13 15:09:54 info: 🚀 App listening on the port 3000
2023-07-13 15:09:54 info: =================================
2023-07-13 15:12:00 info: =================================
2023-07-13 15:12:00 info: ======= ENV: development =======
2023-07-13 15:12:00 info: 🚀 App listening on the port 3000
2023-07-13 15:12:00 info: =================================
2023-07-13 15:12:42 info: =================================
2023-07-13 15:12:42 info: ======= ENV: development =======
2023-07-13 15:12:42 info: 🚀 App listening on the port 3000
2023-07-13 15:12:42 info: =================================
2023-07-13 15:14:12 info: =================================
2023-07-13 15:14:12 info: ======= ENV: development =======
2023-07-13 15:14:12 info: 🚀 App listening on the port 3000
2023-07-13 15:14:12 info: =================================
2023-07-13 15:15:04 info: =================================
2023-07-13 15:15:04 info: ======= ENV: development =======
2023-07-13 15:15:04 info: 🚀 App listening on the port 3000
2023-07-13 15:15:04 info: =================================
2023-07-13 15:15:23 info: =================================
2023-07-13 15:15:23 info: ======= ENV: development =======
2023-07-13 15:15:23 info: 🚀 App listening on the port 3000
2023-07-13 15:15:23 info: =================================
2023-07-13 15:20:40 info: =================================
2023-07-13 15:20:40 info: ======= ENV: development =======
2023-07-13 15:20:40 info: 🚀 App listening on the port 3000
2023-07-13 15:20:40 info: =================================
2023-07-13 15:22:06 info: =================================
2023-07-13 15:22:06 info: ======= ENV: development =======
2023-07-13 15:22:06 info: 🚀 App listening on the port 3000
2023-07-13 15:22:06 info: =================================
2023-07-13 15:23:17 info: =================================
2023-07-13 15:23:17 info: ======= ENV: development =======
2023-07-13 15:23:17 info: 🚀 App listening on the port 3000
2023-07-13 15:23:17 info: =================================
2023-07-13 15:26:47 info: =================================
2023-07-13 15:26:47 info: ======= ENV: development =======
2023-07-13 15:26:47 info: 🚀 App listening on the port 3000
2023-07-13 15:26:47 info: =================================
2023-07-13 15:28:55 info: =================================
2023-07-13 15:28:55 info: ======= ENV: development =======
2023-07-13 15:28:55 info: 🚀 App listening on the port 3000
2023-07-13 15:28:55 info: =================================
2023-07-13 15:29:14 info: =================================
2023-07-13 15:29:14 info: ======= ENV: development =======
2023-07-13 15:29:14 info: 🚀 App listening on the port 3000
2023-07-13 15:29:14 info: =================================
2023-07-13 15:29:54 info: =================================
2023-07-13 15:29:54 info: ======= ENV: development =======
2023-07-13 15:29:54 info: 🚀 App listening on the port 3000
2023-07-13 15:29:54 info: =================================
2023-07-13 15:30:09 info: [0mPOST /generateOtpByEmail [32m200[0m 2010.811 ms - 123[0m
2023-07-13 15:31:08 info: [0mPOST /passRecovery [32m200[0m 12.539 ms - 26[0m
2023-07-13 15:32:55 info: =================================
2023-07-13 15:32:55 info: ======= ENV: development =======
2023-07-13 15:32:55 info: 🚀 App listening on the port 3000
2023-07-13 15:32:55 info: =================================
2023-07-13 15:34:03 info: =================================
2023-07-13 15:34:03 info: ======= ENV: development =======
2023-07-13 15:34:03 info: 🚀 App listening on the port 3000
2023-07-13 15:34:03 info: =================================
2023-07-13 15:34:03 error: [POST] /passRecovery >> StatusCode:: 409, Message:: This email zarnigorochilova7591@gmail.com has not found
2023-07-13 15:34:03 info: [0mPOST /passRecovery [33m409[0m 31.786 ms - 69[0m
2023-07-13 15:34:16 info: [0mPOST /generateOtpByEmail [32m200[0m 1809.830 ms - 123[0m
2023-07-13 15:34:35 error: [POST] /passRecovery >> StatusCode:: 409, Message:: This email zarnigorochilova7591@gmail.com has not found
2023-07-13 15:34:35 info: [0mPOST /passRecovery [33m409[0m 10.516 ms - 69[0m
2023-07-13 15:37:50 info: =================================
2023-07-13 15:37:50 info: ======= ENV: development =======
2023-07-13 15:37:50 info: 🚀 App listening on the port 3000
2023-07-13 15:37:50 info: =================================
2023-07-13 15:37:52 error: [POST] /passRecovery >> StatusCode:: 409, Message:: This email zarnigorochilova7591@gmail.com has not found
2023-07-13 15:37:52 info: [0mPOST /passRecovery [33m409[0m 84.062 ms - 69[0m
2023-07-13 15:38:41 info: =================================
2023-07-13 15:38:41 info: ======= ENV: development =======
2023-07-13 15:38:41 info: 🚀 App listening on the port 3000
2023-07-13 15:38:41 info: =================================
2023-07-13 15:38:43 info: [0mPOST /generateOtpByEmail [32m200[0m 1952.908 ms - 123[0m
2023-07-13 15:38:57 info: [0mPOST /passRecovery [32m200[0m 32.415 ms - 26[0m
2023-07-13 15:45:06 info: =================================
2023-07-13 15:45:06 info: ======= ENV: development =======
2023-07-13 15:45:06 info: 🚀 App listening on the port 3000
2023-07-13 15:45:06 info: =================================
2023-07-13 15:45:07 error: [POST] /passRecovery >> StatusCode:: 409, Message:: This email zarnigorochilova7591@gmail.com has not found
2023-07-13 15:45:07 info: [0mPOST /passRecovery [33m409[0m 53.414 ms - 69[0m
2023-07-13 15:45:15 info: [0mPOST /generateOtpByEmail [32m200[0m 1856.986 ms - 123[0m
2023-07-13 15:45:32 info: [0mPOST /passRecovery [32m200[0m 227.481 ms - 26[0m
2023-07-13 15:46:36 info: =================================
2023-07-13 15:46:36 info: ======= ENV: development =======
2023-07-13 15:46:36 info: 🚀 App listening on the port 3000
2023-07-13 15:46:36 info: =================================
2023-07-13 15:46:36 info: [0mPOST /passRecovery [32m200[0m 268.473 ms - 26[0m
2023-07-13 15:46:55 info: =================================
2023-07-13 15:46:55 info: ======= ENV: development =======
2023-07-13 15:46:55 info: 🚀 App listening on the port 3000
2023-07-13 15:46:55 info: =================================
2023-07-13 15:46:57 info: [0mPOST /passRecovery [32m200[0m 56.747 ms - 26[0m
2023-07-13 15:52:45 info: =================================
2023-07-13 15:52:45 info: ======= ENV: development =======
2023-07-13 15:52:45 info: 🚀 App listening on the port 3000
2023-07-13 15:52:45 info: =================================
2023-07-13 15:53:00 info: =================================
2023-07-13 15:53:00 info: ======= ENV: development =======
2023-07-13 15:53:00 info: 🚀 App listening on the port 3000
2023-07-13 15:53:00 info: =================================
2023-07-13 15:54:57 info: =================================
2023-07-13 15:54:57 info: ======= ENV: development =======
2023-07-13 15:54:57 info: 🚀 App listening on the port 3000
2023-07-13 15:54:58 info: =================================
2023-07-13 15:55:01 info: [0mPOST /generateOtpByEmail [32m200[0m 1868.895 ms - 123[0m
2023-07-13 15:55:49 info: [0mPOST /passRecovery [32m200[0m 36.241 ms - 26[0m
2023-07-13 15:56:06 error: [POST] /passRecovery >> StatusCode:: 409, Message:: This email zarnigorochilova759ssdsd1@gmail.com has not found
2023-07-13 15:56:06 info: [0mPOST /passRecovery [33m409[0m 10.835 ms - 74[0m
2023-07-13 15:56:17 error: [POST] /passRecovery >> StatusCode:: 409, Message:: This email zarnigorochilova759ssdsd1@gmail.com has not found
2023-07-13 15:56:17 info: [0mPOST /passRecovery [33m409[0m 17.334 ms - 74[0m
2023-07-13 15:56:42 info: [0mPOST /passRecovery [32m200[0m 24.171 ms - 26[0m
2023-07-13 15:56:58 info: =================================
2023-07-13 15:56:58 info: ======= ENV: development =======
2023-07-13 15:56:58 info: 🚀 App listening on the port 3000
2023-07-13 15:56:58 info: =================================
2023-07-13 15:57:06 info: =================================
2023-07-13 15:57:06 info: ======= ENV: development =======
2023-07-13 15:57:06 info: 🚀 App listening on the port 3000
2023-07-13 15:57:06 info: =================================
2023-07-13 15:57:09 info: [0mPOST /passRecovery [32m200[0m 49.383 ms - 26[0m
2023-07-13 16:02:39 info: =================================
2023-07-13 16:02:39 info: ======= ENV: development =======
2023-07-13 16:02:39 info: 🚀 App listening on the port 3000
2023-07-13 16:02:39 info: =================================
2023-07-13 16:02:44 info: [0mPOST /generateOtpByEmail [32m200[0m 1772.048 ms - 123[0m
2023-07-13 16:03:02 error: [POST] /generateOtpByEmail >> StatusCode:: 409, Message:: This email zarnigorochilova7591@gmail.com has already exist
2023-07-13 16:03:02 info: [0mPOST /generateOtpByEmail [33m409[0m 9.358 ms - 73[0m
2023-07-13 16:03:13 info: [0mPOST /generateOtpByEmail [32m200[0m 1808.111 ms - 123[0m
2023-07-13 16:03:39 info: [0mPOST /passRecovery [32m200[0m 102.022 ms - 376[0m
2023-07-13 16:04:36 info: =================================
2023-07-13 16:04:36 info: ======= ENV: development =======
2023-07-13 16:04:36 info: 🚀 App listening on the port 3000
2023-07-13 16:04:36 info: =================================
2023-07-13 16:04:39 info: [0mPOST /passRecovery [32m200[0m 119.509 ms - 376[0m
2023-07-13 16:21:33 info: =================================
2023-07-13 16:21:33 info: ======= ENV: development =======
2023-07-13 16:21:33 info: 🚀 App listening on the port 3000
2023-07-13 16:21:33 info: =================================
2023-07-13 16:22:40 info: =================================
2023-07-13 16:22:40 info: ======= ENV: development =======
2023-07-13 16:22:40 info: 🚀 App listening on the port 3000
2023-07-13 16:22:40 info: =================================
2023-07-13 16:22:55 info: =================================
2023-07-13 16:22:55 info: ======= ENV: development =======
2023-07-13 16:22:55 info: 🚀 App listening on the port 3000
2023-07-13 16:22:55 info: =================================
2023-07-13 16:23:28 info: [0mPOST /generateOtpByEmail [32m200[0m 1852.390 ms - 123[0m
2023-07-13 16:23:51 error: [POST] /passRecovery >> StatusCode:: 500, Message:: Cast to ObjectId failed for value "{}" (type Object) at path "_id" for model "User"
2023-07-13 16:23:51 info: [0mPOST /passRecovery [31m500[0m 99.181 ms - 103[0m
2023-07-13 16:24:25 info: =================================
2023-07-13 16:24:25 info: ======= ENV: development =======
2023-07-13 16:24:25 info: 🚀 App listening on the port 3000
2023-07-13 16:24:25 info: =================================
2023-07-13 16:24:30 info: =================================
2023-07-13 16:24:30 info: ======= ENV: development =======
2023-07-13 16:24:30 info: 🚀 App listening on the port 3000
2023-07-13 16:24:30 info: =================================
2023-07-13 16:24:35 error: [POST] /passRecovery >> StatusCode:: 500, Message:: Cast to ObjectId failed for value "{}" (type Object) at path "_id" for model "User"
2023-07-13 16:24:35 info: [0mPOST /passRecovery [31m500[0m 101.791 ms - 103[0m
2023-07-13 16:25:11 info: =================================
2023-07-13 16:25:11 info: ======= ENV: development =======
2023-07-13 16:25:11 info: 🚀 App listening on the port 3000
2023-07-13 16:25:11 info: =================================
2023-07-13 16:25:14 error: [POST] /passRecovery >> StatusCode:: 500, Message:: Cast to ObjectId failed for value "{}" (type Object) at path "_id" for model "User"
2023-07-13 16:25:14 info: [0mPOST /passRecovery [31m500[0m 116.885 ms - 103[0m
2023-07-13 16:25:49 info: =================================
2023-07-13 16:25:49 info: ======= ENV: development =======
2023-07-13 16:25:49 info: 🚀 App listening on the port 3000
2023-07-13 16:25:49 info: =================================
2023-07-13 16:26:12 error: [POST] /passRecovery >> StatusCode:: 409, Message:: This email zarnigorochilova7591@gmail.com has not found
2023-07-13 16:26:12 info: [0mPOST /passRecovery [33m409[0m 31.433 ms - 69[0m
2023-07-13 16:26:21 info: [0mPOST /generateOtpByEmail [32m200[0m 1845.200 ms - 123[0m
2023-07-13 16:26:34 info: [0mPOST /passRecovery [32m200[0m 9.841 ms - 26[0m
2023-07-13 16:41:52 info: =================================
2023-07-13 16:41:52 info: ======= ENV: development =======
2023-07-13 16:41:52 info: 🚀 App listening on the port 3000
2023-07-13 16:41:52 info: =================================
2023-07-13 16:42:07 info: =================================
2023-07-13 16:42:07 info: ======= ENV: development =======
2023-07-13 16:42:07 info: 🚀 App listening on the port 3000
2023-07-13 16:42:07 info: =================================
2023-07-13 16:44:29 info: =================================
2023-07-13 16:44:29 info: ======= ENV: development =======
2023-07-13 16:44:29 info: 🚀 App listening on the port 3000
2023-07-13 16:44:29 info: =================================
2023-07-13 16:47:24 info: =================================
2023-07-13 16:47:24 info: ======= ENV: development =======
2023-07-13 16:47:24 info: 🚀 App listening on the port 3000
2023-07-13 16:47:24 info: =================================
2023-07-13 16:47:27 info: [0mPOST /generateOtpByEmail [32m200[0m 1796.018 ms - 123[0m
2023-07-13 16:47:49 error: [POST] /passRecovery >> StatusCode:: 409, Message:: This email zarnigorochilova7591@gmail.com already exists
2023-07-13 16:47:49 info: [0mPOST /passRecovery [33m409[0m 18.223 ms - 70[0m
2023-07-13 16:48:01 error: [POST] /passRecovery >> StatusCode:: 409, Message:: This email zarnigorochilova7591@gmail.com has not found
2023-07-13 16:48:01 info: [0mPOST /passRecovery [33m409[0m 12.312 ms - 69[0m
2023-07-13 16:48:50 info: [0mPOST /generateOtpByEmail [32m200[0m 1803.728 ms - 123[0m
2023-07-13 16:48:59 error: [POST] /passRecovery >> StatusCode:: 409, Message:: This code 8054 incorrect
2023-07-13 16:48:59 info: [0mPOST /passRecovery [33m409[0m 5.023 ms - 38[0m
2023-07-13 16:49:24 error: [POST] /passRecovery >> StatusCode:: 409, Message:: This email zarnigorochilova7591@gmail.com already exists
2023-07-13 16:49:24 info: [0mPOST /passRecovery [33m409[0m 11.022 ms - 70[0m
2023-07-13 16:49:47 info: [0mPOST /login [32m200[0m 91.015 ms - 359[0m
2023-07-13 16:51:41 info: =================================
2023-07-13 16:51:41 info: ======= ENV: development =======
2023-07-13 16:51:41 info: 🚀 App listening on the port 3000
2023-07-13 16:51:41 info: =================================
2023-07-13 16:51:45 info: [0mPOST /login [32m200[0m 112.936 ms - 359[0m
2023-07-13 16:51:48 error: [POST] /passRecovery >> StatusCode:: 409, Message:: This email zarnigorochilova7591@gmail.com has not found
2023-07-13 16:51:48 info: [0mPOST /passRecovery [33m409[0m 10.683 ms - 69[0m
2023-07-13 16:51:53 info: [0mPOST /generateOtpByEmail [32m200[0m 1824.585 ms - 123[0m
2023-07-13 16:52:09 info: [0mPOST /passRecovery [32m200[0m 80.758 ms - 26[0m
2023-07-13 16:53:03 info: =================================
2023-07-13 16:53:03 info: ======= ENV: development =======
2023-07-13 16:53:03 info: 🚀 App listening on the port 3000
2023-07-13 16:53:03 info: =================================
2023-07-13 16:53:05 info: [0mPOST /passRecovery [32m200[0m 113.781 ms - 26[0m
2023-07-13 16:53:58 info: =================================
2023-07-13 16:53:58 info: ======= ENV: development =======
2023-07-13 16:53:58 info: 🚀 App listening on the port 3000
2023-07-13 16:53:58 info: =================================
2023-07-13 16:54:01 info: [0mPOST /passRecovery [32m200[0m 114.769 ms - 26[0m
2023-07-13 16:55:11 info: =================================
2023-07-13 16:55:11 info: ======= ENV: development =======
2023-07-13 16:55:11 info: 🚀 App listening on the port 3000
2023-07-13 16:55:11 info: =================================
2023-07-13 16:55:20 info: =================================
2023-07-13 16:55:20 info: ======= ENV: development =======
2023-07-13 16:55:20 info: 🚀 App listening on the port 3000
2023-07-13 16:55:20 info: =================================
2023-07-13 16:55:23 error: [POST] /passRecovery >> StatusCode:: 409, Message:: This email zarnigorochilova7591@gmail.com has not found
2023-07-13 16:55:23 info: [0mPOST /passRecovery [33m409[0m 28.572 ms - 69[0m
2023-07-13 16:55:28 info: [0mPOST /generateOtpByEmail [32m200[0m 1951.379 ms - 123[0m
2023-07-13 16:55:57 info: =================================
2023-07-13 16:55:57 info: ======= ENV: development =======
2023-07-13 16:55:57 info: 🚀 App listening on the port 3000
2023-07-13 16:55:57 info: =================================
2023-07-13 16:56:01 error: [POST] /generateOtpByEmail >> StatusCode:: 409, Message:: This email zarnigorochilova7591@gmail.com has already exist
2023-07-13 16:56:01 info: [0mPOST /generateOtpByEmail [33m409[0m 36.646 ms - 73[0m
2023-07-13 16:56:11 info: [0mPOST /generateOtpByEmail [32m200[0m 1919.806 ms - 123[0m
2023-07-13 16:56:26 info: [0mPOST /passRecovery [32m200[0m 20.010 ms - 26[0m
2023-07-13 16:58:02 info: =================================
2023-07-13 16:58:02 info: ======= ENV: development =======
2023-07-13 16:58:02 info: 🚀 App listening on the port 3000
2023-07-13 16:58:02 info: =================================
2023-07-13 16:58:05 info: [0mPOST /passRecovery [32m200[0m 39.505 ms - 26[0m
2023-07-13 17:02:28 info: =================================
2023-07-13 17:02:28 info: ======= ENV: development =======
2023-07-13 17:02:28 info: 🚀 App listening on the port 3000
2023-07-13 17:02:28 info: =================================
2023-07-13 17:02:40 info: =================================
2023-07-13 17:02:40 info: ======= ENV: development =======
2023-07-13 17:02:40 info: 🚀 App listening on the port 3000
2023-07-13 17:02:40 info: =================================
2023-07-13 17:02:43 error: [POST] /passRecovery >> StatusCode:: 409, Message:: This email zarnigorochilova7591@gmail.com has not found
2023-07-13 17:02:43 info: [0mPOST /passRecovery [33m409[0m 32.257 ms - 69[0m
2023-07-13 17:02:49 info: [0mPOST /generateOtpByEmail [32m200[0m 1771.721 ms - 123[0m
2023-07-13 17:03:06 info: [0mPOST /passRecovery [32m200[0m 16.527 ms - 26[0m
2023-07-13 17:04:35 info: =================================
2023-07-13 17:04:35 info: ======= ENV: development =======
2023-07-13 17:04:35 info: 🚀 App listening on the port 3000
2023-07-13 17:04:35 info: =================================
2023-07-13 17:05:34 info: =================================
2023-07-13 17:05:34 info: ======= ENV: development =======
2023-07-13 17:05:34 info: 🚀 App listening on the port 3000
2023-07-13 17:05:34 info: =================================
2023-07-13 17:05:40 info: [0mPOST /generateOtpByEmail [32m200[0m 1760.481 ms - 123[0m
2023-07-13 17:05:52 info: [0mPOST /passRecovery [32m200[0m 91.972 ms - 366[0m
2023-07-13 17:06:05 info: [0mPOST /login [32m200[0m 81.212 ms - 359[0m
2023-07-13 17:06:09 info: [0mPOST /login [32m200[0m 81.442 ms - 359[0m
2023-07-13 17:06:14 error: [POST] /login >> StatusCode:: 400, Message:: password must be longer than or equal to 9 characters
2023-07-13 17:06:14 info: [0mPOST /login [33m400[0m 3.265 ms - 67[0m
2023-07-13 17:06:39 info: [0mPOST /passRecovery [32m200[0m 82.203 ms - 366[0m
2023-07-13 17:06:41 info: [0mPOST /passRecovery [32m200[0m 90.163 ms - 366[0m
2023-07-13 17:06:42 info: [0mPOST /passRecovery [32m200[0m 81.701 ms - 366[0m
2023-07-13 17:06:43 info: [0mPOST /passRecovery [32m200[0m 89.558 ms - 366[0m
2023-07-13 17:07:10 info: =================================
2023-07-13 17:07:10 info: ======= ENV: development =======
2023-07-13 17:07:10 info: 🚀 App listening on the port 3000
2023-07-13 17:07:10 info: =================================
2023-07-13 17:07:12 info: [0mPOST /passRecovery [32m200[0m 121.607 ms - 366[0m
2023-07-13 17:07:29 info: =================================
2023-07-13 17:07:29 info: ======= ENV: development =======
2023-07-13 17:07:29 info: 🚀 App listening on the port 3000
2023-07-13 17:07:29 info: =================================
2023-07-13 17:07:33 info: [0mPOST /passRecovery [32m200[0m 127.442 ms - 366[0m
2023-07-13 17:07:41 error: [POST] /login >> StatusCode:: 400, Message:: password must be longer than or equal to 9 characters
2023-07-13 17:07:41 info: [0mPOST /login [33m400[0m 5.545 ms - 67[0m
2023-07-13 17:07:50 error: [POST] /login >> StatusCode:: 409, Message:: Password is not matching
2023-07-13 17:07:50 info: [0mPOST /login [33m409[0m 78.019 ms - 38[0m
2023-07-13 17:08:04 error: [POST] /login >> StatusCode:: 409, Message:: Password is not matching
2023-07-13 17:08:04 info: [0mPOST /login [33m409[0m 72.916 ms - 38[0m
2023-07-13 17:08:11 error: [POST] /login >> StatusCode:: 409, Message:: Password is not matching
2023-07-13 17:08:11 info: [0mPOST /login [33m409[0m 77.576 ms - 38[0m
2023-07-13 17:08:12 info: [0mPOST /login [0m-[0m - ms - -[0m
2023-07-13 17:08:12 error: [POST] /login >> StatusCode:: 409, Message:: Password is not matching
2023-07-13 17:08:12 error: [POST] /login >> StatusCode:: 409, Message:: Password is not matching
2023-07-13 17:08:12 info: [0mPOST /login [33m409[0m 70.154 ms - 38[0m
2023-07-13 17:10:29 info: =================================
2023-07-13 17:10:29 info: ======= ENV: development =======
2023-07-13 17:10:29 info: 🚀 App listening on the port 3000
2023-07-13 17:10:29 info: =================================
2023-07-13 17:11:36 info: =================================
2023-07-13 17:11:36 info: ======= ENV: development =======
2023-07-13 17:11:36 info: 🚀 App listening on the port 3000
2023-07-13 17:11:36 info: =================================
2023-07-13 17:11:49 error: [POST] /login >> StatusCode:: 409, Message:: Password is not matching
2023-07-13 17:11:49 info: [0mPOST /login [33m409[0m 109.826 ms - 38[0m
2023-07-13 17:13:40 info: =================================
2023-07-13 17:13:40 info: ======= ENV: development =======
2023-07-13 17:13:40 info: 🚀 App listening on the port 3000
2023-07-13 17:13:40 info: =================================
2023-07-13 17:13:41 error: [POST] /login >> StatusCode:: 409, Message:: Password is not matching
2023-07-13 17:13:41 info: [0mPOST /login [33m409[0m 107.955 ms - 38[0m
2023-07-13 17:14:20 info: =================================
2023-07-13 17:14:20 info: ======= ENV: development =======
2023-07-13 17:14:20 info: 🚀 App listening on the port 3000
2023-07-13 17:14:20 info: =================================
2023-07-13 17:14:22 error: [POST] /login >> StatusCode:: 409, Message:: Password is not matching
2023-07-13 17:14:22 info: [0mPOST /login [33m409[0m 128.464 ms - 38[0m
2023-07-13 17:21:39 info: [0mPOST /generateOtpByEmail [32m200[0m 4158.829 ms - 123[0m
2023-07-13 17:22:07 info: [0mPOST /passRecovery [32m200[0m 98.563 ms - 366[0m
2023-07-13 17:22:17 error: [POST] /login >> StatusCode:: 409, Message:: Password is not matching
2023-07-13 17:22:17 info: [0mPOST /login [33m409[0m 78.930 ms - 38[0m
2023-07-13 17:24:46 info: [0mPOST /signup [32m201[0m 81.977 ms - 312[0m
2023-07-13 17:25:10 info: [0mPOST /login [32m200[0m 107.818 ms - 311[0m
2023-07-13 17:27:31 info: =================================
2023-07-13 17:27:31 info: ======= ENV: development =======
2023-07-13 17:27:31 info: 🚀 App listening on the port 3000
2023-07-13 17:27:31 info: =================================
2023-07-13 17:27:35 error: [POST] /passRecovery >> StatusCode:: 409, Message:: This email zarnigorochilova7591@gmail.com has not found
2023-07-13 17:27:35 info: [0mPOST /passRecovery [33m409[0m 30.492 ms - 69[0m
2023-07-13 17:27:41 info: [0mPOST /generateOtpByEmail [32m200[0m 2222.467 ms - 123[0m
2023-07-13 17:27:56 info: [0mPOST /passRecovery [32m200[0m 96.462 ms - 318[0m
2023-07-13 17:28:19 error: [POST] /login >> StatusCode:: 409, Message:: Password is not matching
2023-07-13 17:28:19 info: [0mPOST /login [33m409[0m 86.445 ms - 38[0m
2023-07-13 17:28:46 error: [PUT] /users/64afed0e66f2c0f48386daa0 >> StatusCode:: 400, Message:: password must be shorter than or equal to 32 characters,password must be longer than or equal to 9 characters,password should not be empty,password must be a string
2023-07-13 17:28:46 info: [0mPUT /users/64afed0e66f2c0f48386daa0 [33m400[0m 13.413 ms - 178[0m
2023-07-13 17:29:05 info: [0mPUT /users/64afed0e66f2c0f48386daa0 [32m200[0m 82.919 ms - 361[0m
2023-07-13 17:29:38 info: [0mPOST /login [32m200[0m 83.411 ms - 359[0m
2023-07-13 17:29:49 info: [0mPOST /login [32m200[0m 75.532 ms - 359[0m
2023-07-13 17:30:13 info: [0mPOST /generateOtpByEmail [32m200[0m 1752.112 ms - 123[0m
2023-07-13 17:30:35 info: [0mPOST /passRecovery [32m200[0m 91.303 ms - 366[0m
2023-07-13 17:30:44 error: [POST] /login >> StatusCode:: 409, Message:: Password is not matching
2023-07-13 17:30:44 info: [0mPOST /login [33m409[0m 78.630 ms - 38[0m
2023-07-13 17:35:38 info: =================================
2023-07-13 17:35:38 info: ======= ENV: development =======
2023-07-13 17:35:38 info: 🚀 App listening on the port 3000
2023-07-13 17:35:38 info: =================================
2023-07-13 17:36:10 info: =================================
2023-07-13 17:36:10 info: ======= ENV: development =======
2023-07-13 17:36:10 info: 🚀 App listening on the port 3000
2023-07-13 17:36:10 info: =================================
2023-07-13 17:36:20 info: [0mPOST /generateOtpByEmail [32m200[0m 1843.779 ms - 123[0m
2023-07-13 17:36:41 info: [0mPOST /passRecovery [32m200[0m 102.680 ms - 366[0m
2023-07-13 17:36:56 info: [0mPOST /passRecovery [32m200[0m 88.996 ms - 366[0m
2023-07-13 17:36:57 info: [0mPOST /passRecovery [32m200[0m 85.673 ms - 366[0m
2023-07-13 17:37:25 info: =================================
2023-07-13 17:37:25 info: ======= ENV: development =======
2023-07-13 17:37:25 info: 🚀 App listening on the port 3000
2023-07-13 17:37:25 info: =================================
2023-07-13 17:37:55 info: =================================
2023-07-13 17:37:55 info: ======= ENV: development =======
2023-07-13 17:37:55 info: 🚀 App listening on the port 3000
2023-07-13 17:37:55 info: =================================
2023-07-13 17:37:58 info: =================================
2023-07-13 17:37:58 info: ======= ENV: development =======
2023-07-13 17:37:58 info: 🚀 App listening on the port 3000
2023-07-13 17:37:58 info: =================================
2023-07-13 17:38:38 info: =================================
2023-07-13 17:38:38 info: ======= ENV: development =======
2023-07-13 17:38:38 info: 🚀 App listening on the port 3000
2023-07-13 17:38:38 info: =================================
2023-07-13 17:38:45 info: [0mPOST /passRecovery [32m200[0m 127.038 ms - 366[0m
2023-07-13 17:39:04 error: [POST] /login >> StatusCode:: 409, Message:: Password is not matching
2023-07-13 17:39:04 info: [0mPOST /login [33m409[0m 88.550 ms - 38[0m
2023-07-13 17:39:25 info: =================================
2023-07-13 17:39:25 info: ======= ENV: development =======
2023-07-13 17:39:25 info: 🚀 App listening on the port 3000
2023-07-13 17:39:25 info: =================================
2023-07-13 17:39:43 info: =================================
2023-07-13 17:39:43 info: ======= ENV: development =======
2023-07-13 17:39:43 info: 🚀 App listening on the port 3000
2023-07-13 17:39:43 info: =================================
2023-07-13 17:39:49 info: =================================
2023-07-13 17:39:49 info: ======= ENV: development =======
2023-07-13 17:39:49 info: 🚀 App listening on the port 3000
2023-07-13 17:39:49 info: =================================
2023-07-13 17:39:54 info: =================================
2023-07-13 17:39:54 info: ======= ENV: development =======
2023-07-13 17:39:54 info: 🚀 App listening on the port 3000
2023-07-13 17:39:54 info: =================================
2023-07-13 17:40:10 info: =================================
2023-07-13 17:40:10 info: ======= ENV: development =======
2023-07-13 17:40:10 info: 🚀 App listening on the port 3000
2023-07-13 17:40:10 info: =================================
2023-07-13 17:40:18 info: =================================
2023-07-13 17:40:18 info: ======= ENV: development =======
2023-07-13 17:40:18 info: 🚀 App listening on the port 3000
2023-07-13 17:40:18 info: =================================
2023-07-13 17:40:25 info: =================================
2023-07-13 17:40:25 info: ======= ENV: development =======
2023-07-13 17:40:25 info: 🚀 App listening on the port 3000
2023-07-13 17:40:25 info: =================================
2023-07-13 18:03:43 info: =================================
2023-07-13 18:03:43 info: ======= ENV: development =======
2023-07-13 18:03:43 info: 🚀 App listening on the port 3000
2023-07-13 18:03:43 info: =================================
2023-07-13 18:04:24 info: [0mPOST /generateOtpByEmail [32m200[0m 1782.865 ms - 123[0m
2023-07-13 18:04:46 info: [0mPOST /passRecovery [32m200[0m 96.502 ms - 26[0m
2023-07-13 18:06:57 info: =================================
2023-07-13 18:06:57 info: ======= ENV: development =======
2023-07-13 18:06:57 info: 🚀 App listening on the port 3000
2023-07-13 18:06:57 info: =================================
2023-07-13 18:07:00 error: [POST] /passRecovery >> StatusCode:: 409, Message:: This email zarnigorochilova7591@gmail.com has not found
2023-07-13 18:07:00 info: [0mPOST /passRecovery [33m409[0m 34.923 ms - 69[0m
2023-07-13 18:07:05 info: [0mPOST /generateOtpByEmail [32m200[0m 2269.346 ms - 123[0m
2023-07-13 18:07:30 info: [0mPOST /passRecovery [32m200[0m 89.190 ms - 26[0m
2023-07-13 18:07:55 info: =================================
2023-07-13 18:07:55 info: ======= ENV: development =======
2023-07-13 18:07:55 info: 🚀 App listening on the port 3000
2023-07-13 18:07:55 info: =================================
2023-07-13 18:08:00 info: [0mPOST /passRecovery [32m200[0m 111.158 ms - 26[0m
2023-07-13 18:10:24 info: =================================
2023-07-13 18:10:24 info: ======= ENV: development =======
2023-07-13 18:10:24 info: 🚀 App listening on the port 3000
2023-07-13 18:10:24 info: =================================
2023-07-13 18:10:28 error: [POST] /passRecovery >> StatusCode:: 409, Message:: This email zarnigorochilova7591@gmail.com has not found
2023-07-13 18:10:28 info: [0mPOST /passRecovery [33m409[0m 36.288 ms - 69[0m
2023-07-13 18:10:34 info: [0mPOST /generateOtpByEmail [32m200[0m 1762.343 ms - 123[0m
2023-07-13 18:10:53 info: [0mPOST /passRecovery [32m200[0m 94.489 ms - 26[0m
2023-07-13 18:11:22 info: [0mPOST /login [32m200[0m 85.695 ms - 359[0m
2023-07-13 18:13:40 info: =================================
2023-07-13 18:13:40 info: ======= ENV: development =======
2023-07-13 18:13:40 info: 🚀 App listening on the port 3000
2023-07-13 18:13:40 info: =================================
2023-07-13 18:19:04 info: =================================
2023-07-13 18:19:04 info: ======= ENV: development =======
2023-07-13 18:19:04 info: 🚀 App listening on the port 3000
2023-07-13 18:19:04 info: =================================
2023-07-13 18:19:11 info: [0mPOST /generateOtpByEmail [32m200[0m 1922.424 ms - 123[0m
2023-07-13 18:19:24 error: [POST] /passRecovery >> StatusCode:: 409, Message:: This email zarnigorochilova7591@gmail.com has not found
2023-07-13 18:19:24 info: [0mPOST /passRecovery [33m409[0m 12.017 ms - 69[0m
2023-07-13 18:19:44 error: [POST] /passRecovery >> StatusCode:: 409, Message:: This email zarnigorochilova7591@gmail.com has not found
2023-07-13 18:19:44 info: [0mPOST /passRecovery [33m409[0m 12.364 ms - 69[0m
2023-07-13 18:19:49 error: [POST] /generateOtpByEmail >> StatusCode:: 409, Message:: This email zarnigorochilova7591@gmail.com has already exist
2023-07-13 18:19:49 info: [0mPOST /generateOtpByEmail [33m409[0m 10.733 ms - 73[0m
2023-07-13 18:19:56 error: [POST] /generateOtpByEmail >> StatusCode:: 409, Message:: This email zarnigorochilova7591@gmail.com has already exist
2023-07-13 18:19:56 info: [0mPOST /generateOtpByEmail [33m409[0m 6.860 ms - 73[0m
2023-07-13 18:19:57 error: [POST] /generateOtpByEmail >> StatusCode:: 409, Message:: This email zarnigorochilova7591@gmail.com has already exist
2023-07-13 18:19:57 info: [0mPOST /generateOtpByEmail [33m409[0m 7.990 ms - 73[0m
2023-07-13 18:20:11 error: [POST] /generateOtpByEmail >> StatusCode:: 409, Message:: This email zarnigorochilova7591@gmail.com has already exist
2023-07-13 18:20:11 info: [0mPOST /generateOtpByEmail [33m409[0m 6.302 ms - 73[0m
2023-07-13 18:20:37 info: =================================
2023-07-13 18:20:37 info: ======= ENV: development =======
2023-07-13 18:20:37 info: 🚀 App listening on the port 3000
2023-07-13 18:20:37 info: =================================
2023-07-13 18:20:54 error: [POST] /generateOtpByEmail >> StatusCode:: 409, Message:: This email zarnigorochilova7591@gmail.com has already exist
2023-07-13 18:20:54 info: [0mPOST /generateOtpByEmail [33m409[0m 31.399 ms - 73[0m
2023-07-13 18:20:56 error: [POST] /generateOtpByEmail >> StatusCode:: 409, Message:: This email zarnigorochilova7591@gmail.com has already exist
2023-07-13 18:20:56 info: [0mPOST /generateOtpByEmail [33m409[0m 12.098 ms - 73[0m
2023-07-13 18:20:56 error: [POST] /generateOtpByEmail >> StatusCode:: 409, Message:: This email zarnigorochilova7591@gmail.com has already exist
2023-07-13 18:20:56 info: [0mPOST /generateOtpByEmail [33m409[0m 7.671 ms - 73[0m
2023-07-13 18:21:43 info: [0mPOST /generateOtpByEmail [32m200[0m 1880.762 ms - 123[0m
2023-07-13 18:22:01 error: [POST] /passRecovery >> StatusCode:: 409, Message:: This email zarnigorochilova7591@gmail.com has not found
2023-07-13 18:22:01 info: [0mPOST /passRecovery [33m409[0m 6.281 ms - 69[0m
2023-07-13 18:22:02 error: [POST] /passRecovery >> StatusCode:: 409, Message:: This email zarnigorochilova7591@gmail.com has not found
2023-07-13 18:22:02 info: [0mPOST /passRecovery [33m409[0m 5.877 ms - 69[0m
2023-07-13 18:27:07 info: =================================
2023-07-13 18:27:07 info: ======= ENV: development =======
2023-07-13 18:27:07 info: 🚀 App listening on the port 3000
2023-07-13 18:27:07 info: =================================
2023-07-13 18:28:13 info: =================================
2023-07-13 18:28:13 info: ======= ENV: development =======
2023-07-13 18:28:13 info: 🚀 App listening on the port 3000
2023-07-13 18:28:13 info: =================================
2023-07-13 18:29:05 info: =================================
2023-07-13 18:29:05 info: ======= ENV: development =======
2023-07-13 18:29:05 info: 🚀 App listening on the port 3000
2023-07-13 18:29:05 info: =================================
2023-07-13 18:29:29 error: [POST] /generatePassRecovery >> StatusCode:: 400, Message:: email should not be empty,email must be an email
2023-07-13 18:29:29 info: [0mPOST /generatePassRecovery [33m400[0m 10.394 ms - 62[0m
2023-07-13 18:29:49 info: [0mPOST /generatePassRecovery [32m200[0m 1898.648 ms - 123[0m
2023-07-13 18:30:07 error: [POST] /passRecovery >> StatusCode:: 409, Message:: This email zarnigorochilova7591@gmail.com has not found
2023-07-13 18:30:07 info: [0mPOST /passRecovery [33m409[0m 11.137 ms - 69[0m
2023-07-13 18:30:12 error: [POST] /passRecovery >> StatusCode:: 409, Message:: This email zarnigorochilova7591@gmail.com has not found
2023-07-13 18:30:12 info: [0mPOST /passRecovery [33m409[0m 7.088 ms - 69[0m
2023-07-13 18:33:59 info: =================================
2023-07-13 18:33:59 info: ======= ENV: development =======
2023-07-13 18:33:59 info: 🚀 App listening on the port 3000
2023-07-13 18:33:59 info: =================================
2023-07-13 18:34:16 info: =================================
2023-07-13 18:34:16 info: ======= ENV: development =======
2023-07-13 18:34:16 info: 🚀 App listening on the port 3000
2023-07-13 18:34:16 info: =================================
2023-07-13 18:34:31 info: [0mPOST /generateOtpByEmail [32m200[0m 1778.691 ms - 123[0m
2023-07-13 18:34:33 error: [POST] /generatePassRecovery >> StatusCode:: 409, Message:: This email zarnigorochilova7591@gmail.com has already exist
2023-07-13 18:34:33 info: [0mPOST /generatePassRecovery [33m409[0m 10.675 ms - 73[0m
2023-07-13 18:34:35 error: [POST] /generatePassRecovery >> StatusCode:: 409, Message:: This email zarnigorochilova7591@gmail.com has already exist
2023-07-13 18:34:35 info: [0mPOST /generatePassRecovery [33m409[0m 7.340 ms - 73[0m
2023-07-13 18:34:50 error: [POST] /generatePassRecovery >> StatusCode:: 409, Message:: This email zarnigorochilova7591@gmail.com has already exist
2023-07-13 18:34:50 info: [0mPOST /generatePassRecovery [33m409[0m 10.373 ms - 73[0m
2023-07-13 18:36:26 info: =================================
2023-07-13 18:36:26 info: ======= ENV: development =======
2023-07-13 18:36:26 info: 🚀 App listening on the port 3000
2023-07-13 18:36:26 info: =================================
2023-07-13 18:36:29 info: =================================
2023-07-13 18:36:29 info: ======= ENV: development =======
2023-07-13 18:36:29 info: 🚀 App listening on the port 3000
2023-07-13 18:36:29 info: =================================
2023-07-13 18:36:34 info: [0mPOST /generatePassRecovery [32m200[0m 2115.631 ms - 123[0m
2023-07-13 18:36:53 error: [POST] /passRecovery >> StatusCode:: 409, Message:: This email zarnigorochilova7591@gmail.com has not found
2023-07-13 18:36:53 info: [0mPOST /passRecovery [33m409[0m 15.380 ms - 69[0m
2023-07-13 18:37:45 info: =================================
2023-07-13 18:37:45 info: ======= ENV: development =======
2023-07-13 18:37:45 info: 🚀 App listening on the port 3000
2023-07-13 18:37:45 info: =================================
2023-07-13 18:38:05 error: [POST] /passRecovery >> StatusCode:: 409, Message:: This email zarnigorochilova7591@gmail.com has not found
2023-07-13 18:38:05 info: [0mPOST /passRecovery [33m409[0m 37.644 ms - 69[0m
2023-07-13 18:38:08 error: [POST] /generatePassRecovery >> StatusCode:: 500, Message:: PassRecovery validation failed: password: Path `password` is required.
2023-07-13 18:38:08 info: [0mPOST /generatePassRecovery [31m500[0m 26.761 ms - 84[0m
2023-07-13 18:38:39 info: =================================
2023-07-13 18:38:39 info: ======= ENV: development =======
2023-07-13 18:38:39 info: 🚀 App listening on the port 3000
2023-07-13 18:38:39 info: =================================
2023-07-13 18:38:41 info: [0mPOST /generatePassRecovery [32m200[0m 1897.621 ms - 123[0m
2023-07-13 18:38:54 error: [POST] /passRecovery >> StatusCode:: 500, Message:: Cannot set headers after they are sent to the client
2023-07-13 18:38:54 info: [0mPOST /passRecovery [31m500[0m 107.624 ms - 366[0m
2023-07-13 18:39:36 info: [0mPOST /login [32m200[0m 84.315 ms - 359[0m
2023-07-13 18:40:45 info: =================================
2023-07-13 18:40:45 info: ======= ENV: development =======
2023-07-13 18:40:45 info: 🚀 App listening on the port 3000
2023-07-13 18:40:45 info: =================================
2023-07-13 18:40:49 info: [0mPOST /login [32m200[0m 99.040 ms - 359[0m
2023-07-13 18:43:32 info: =================================
2023-07-13 18:43:32 info: ======= ENV: development =======
2023-07-13 18:43:32 info: 🚀 App listening on the port 3000
2023-07-13 18:43:32 info: =================================
2023-07-13 18:43:36 info: [0mPOST /login [32m200[0m 111.983 ms - 359[0m
2023-07-13 18:43:55 info: =================================
2023-07-13 18:43:55 info: ======= ENV: development =======
2023-07-13 18:43:55 info: 🚀 App listening on the port 3000
2023-07-13 18:43:55 info: =================================
2023-07-13 18:44:16 info: =================================
2023-07-13 18:44:16 info: ======= ENV: development =======
2023-07-13 18:44:16 info: 🚀 App listening on the port 3000
2023-07-13 18:44:16 info: =================================
2023-07-13 18:44:18 error: [POST] /login >> StatusCode:: 500, Message:: No document found for query "{ _id: new ObjectId("64afed0e66f2c0f48386daa0") }" on model "Login"
2023-07-13 18:44:18 info: [0mPOST /login [31m500[0m 123.545 ms - 116[0m
2023-07-13 18:45:04 info: =================================
2023-07-13 18:45:04 info: ======= ENV: development =======
2023-07-13 18:45:04 info: 🚀 App listening on the port 3000
2023-07-13 18:45:04 info: =================================
2023-07-13 18:45:06 info: [0mPOST /login [32m200[0m 114.599 ms - 359[0m
2023-07-13 18:45:56 info: =================================
2023-07-13 18:45:56 info: ======= ENV: development =======
2023-07-13 18:45:56 info: 🚀 App listening on the port 3000
2023-07-13 18:45:56 info: =================================
2023-07-13 18:46:20 info: =================================
2023-07-13 18:46:20 info: ======= ENV: development =======
2023-07-13 18:46:20 info: 🚀 App listening on the port 3000
2023-07-13 18:46:20 info: =================================
2023-07-13 18:46:23 info: [0mPOST /login [32m200[0m 117.314 ms - 359[0m
2023-07-13 18:46:29 info: [0mPOST /login [32m200[0m 94.204 ms - 359[0m
2023-07-13 18:46:57 info: =================================
2023-07-13 18:46:57 info: ======= ENV: development =======
2023-07-13 18:46:57 info: 🚀 App listening on the port 3000
2023-07-13 18:46:57 info: =================================
2023-07-13 18:47:01 info: [0mPOST /login [32m200[0m 110.306 ms - 359[0m
2023-07-13 18:47:13 info: =================================
2023-07-13 18:47:13 info: ======= ENV: development =======
2023-07-13 18:47:13 info: 🚀 App listening on the port 3000
2023-07-13 18:47:13 info: =================================
