2023-07-19 11:38:03 info: =================================
2023-07-19 11:38:03 info: ======= ENV: development =======
2023-07-19 11:38:03 info: 🚀 App listening on the port 3000
2023-07-19 11:38:03 info: =================================
2023-07-19 11:38:13 info: =================================
2023-07-19 11:38:13 info: ======= ENV: development =======
2023-07-19 11:38:13 info: 🚀 App listening on the port 3000
2023-07-19 11:38:13 info: =================================
2023-07-19 11:39:11 info: [0mGET / [33m404[0m 15.811 ms - 139[0m
2023-07-19 11:40:06 info: [0mPOST /admin [32m201[0m 134.978 ms - -[0m
2023-07-19 11:40:24 info: [0mPOST /login-admin [32m200[0m 79.545 ms - 168[0m
2023-07-19 11:41:20 info: =================================
2023-07-19 11:41:20 info: ======= ENV: development =======
2023-07-19 11:41:20 info: 🚀 App listening on the port 3000
2023-07-19 11:41:20 info: =================================
2023-07-19 11:42:00 info: =================================
2023-07-19 11:42:00 info: ======= ENV: development =======
2023-07-19 11:42:00 info: 🚀 App listening on the port 3000
2023-07-19 11:42:00 info: =================================
2023-07-19 11:42:20 info: =================================
2023-07-19 11:42:20 info: ======= ENV: development =======
2023-07-19 11:42:20 info: 🚀 App listening on the port 3000
2023-07-19 11:42:20 info: =================================
2023-07-19 11:42:59 info: =================================
2023-07-19 11:42:59 info: ======= ENV: development =======
2023-07-19 11:42:59 info: 🚀 App listening on the port 3000
2023-07-19 11:42:59 info: =================================
2023-07-19 11:45:52 info: =================================
2023-07-19 11:45:52 info: ======= ENV: development =======
2023-07-19 11:45:52 info: 🚀 App listening on the port 3000
2023-07-19 11:45:52 info: =================================
2023-07-19 11:57:53 info: =================================
2023-07-19 11:57:53 info: ======= ENV: development =======
2023-07-19 11:57:53 info: 🚀 App listening on the port 3000
2023-07-19 11:57:53 info: =================================
2023-07-19 11:58:12 info: [0mGET /products [32m200[0m 88.179 ms - -[0m
2023-07-19 11:59:19 info: =================================
2023-07-19 11:59:19 info: ======= ENV: development =======
2023-07-19 11:59:19 info: 🚀 App listening on the port 3000
2023-07-19 11:59:19 info: =================================
2023-07-19 11:59:21 info: [0mGET /products [32m200[0m 31.892 ms - -[0m
2023-07-19 11:59:55 info: =================================
2023-07-19 11:59:55 info: ======= ENV: development =======
2023-07-19 11:59:55 info: 🚀 App listening on the port 3000
2023-07-19 11:59:55 info: =================================
2023-07-19 11:59:56 info: [0mGET /products [32m200[0m 92.676 ms - -[0m
2023-07-19 12:00:06 info: =================================
2023-07-19 12:00:06 info: ======= ENV: development =======
2023-07-19 12:00:06 info: 🚀 App listening on the port 3000
2023-07-19 12:00:06 info: =================================
2023-07-19 12:00:09 info: [0mGET /products [32m200[0m 90.474 ms - -[0m
2023-07-19 12:00:25 info: =================================
2023-07-19 12:00:25 info: ======= ENV: development =======
2023-07-19 12:00:25 info: 🚀 App listening on the port 3000
2023-07-19 12:00:25 info: =================================
2023-07-19 12:00:30 info: [0mGET /products [32m200[0m 43.984 ms - -[0m
2023-07-19 12:01:35 info: =================================
2023-07-19 12:01:35 info: ======= ENV: development =======
2023-07-19 12:01:35 info: 🚀 App listening on the port 3000
2023-07-19 12:01:35 info: =================================
2023-07-19 12:07:29 info: =================================
2023-07-19 12:07:29 info: ======= ENV: development =======
2023-07-19 12:07:29 info: 🚀 App listening on the port 3000
2023-07-19 12:07:29 info: =================================
2023-07-19 12:07:46 error: [DELETE] /products/64b12487dfe1b8b73f9a8b1c >> StatusCode:: 500, Message:: jwt must be provided
2023-07-19 12:07:46 info: [0mDELETE /products/64b12487dfe1b8b73f9a8b1c [31m500[0m 18.700 ms - 34[0m
2023-07-19 12:08:14 info: [0mDELETE /products/64b12487dfe1b8b73f9a8b1c [32m200[0m 49.714 ms - 336[0m
2023-07-19 12:08:51 info: =================================
2023-07-19 12:08:51 info: ======= ENV: development =======
2023-07-19 12:08:51 info: 🚀 App listening on the port 3000
2023-07-19 12:08:51 info: =================================
2023-07-19 12:09:01 info: [0mDELETE /products/64b132f4c5d165693f8c8363 [32m200[0m 37.310 ms - 341[0m
2023-07-19 12:10:42 info: =================================
2023-07-19 12:10:42 info: ======= ENV: development =======
2023-07-19 12:10:42 info: 🚀 App listening on the port 3000
2023-07-19 12:10:42 info: =================================
2023-07-19 12:10:58 info: =================================
2023-07-19 12:10:58 info: ======= ENV: development =======
2023-07-19 12:10:58 info: 🚀 App listening on the port 3000
2023-07-19 12:10:58 info: =================================
2023-07-19 12:11:24 info: [0mDELETE /products/64b26c50b9b236820c9b827a [32m200[0m 66.957 ms - 326[0m
2023-07-19 12:22:18 info: =================================
2023-07-19 12:22:18 info: ======= ENV: development =======
2023-07-19 12:22:18 info: 🚀 App listening on the port 3000
2023-07-19 12:22:18 info: =================================
2023-07-19 12:23:14 info: [0mDELETE /products/64b2c2d863883422ad36a595 [32m200[0m 135.250 ms - 700[0m
2023-07-19 12:24:05 info: =================================
2023-07-19 12:24:05 info: ======= ENV: development =======
2023-07-19 12:24:05 info: 🚀 App listening on the port 3000
2023-07-19 12:24:05 info: =================================
2023-07-19 12:26:04 error: [DELETE] /products/64b26c50b9b236820c9b827a >> StatusCode:: 500, Message:: Cannot read properties of null (reading 'files')
2023-07-19 12:26:04 info: [0mDELETE /products/64b26c50b9b236820c9b827a [31m500[0m 37.691 ms - 62[0m
2023-07-19 12:26:07 error: [DELETE] /products/64b26c50b9b236820c9b827a >> StatusCode:: 500, Message:: Cannot read properties of null (reading 'files')
2023-07-19 12:26:07 info: [0mDELETE /products/64b26c50b9b236820c9b827a [31m500[0m 11.317 ms - 62[0m
2023-07-19 12:27:04 info: =================================
2023-07-19 12:27:04 info: ======= ENV: development =======
2023-07-19 12:27:04 info: 🚀 App listening on the port 3000
2023-07-19 12:27:04 info: =================================
2023-07-19 12:27:05 error: [DELETE] /products/64b26c50b9b236820c9b827a >> StatusCode:: 500, Message:: Cannot read properties of null (reading 'files')
2023-07-19 12:27:05 info: [0mDELETE /products/64b26c50b9b236820c9b827a [31m500[0m 23.946 ms - 62[0m
2023-07-19 12:27:26 info: =================================
2023-07-19 12:27:26 info: ======= ENV: development =======
2023-07-19 12:27:26 info: 🚀 App listening on the port 3000
2023-07-19 12:27:26 info: =================================
2023-07-19 12:27:47 info: [0mDELETE /products/64b19dc468ea17800010c556 [32m200[0m 65.606 ms - 355[0m
2023-07-19 12:28:21 info: =================================
2023-07-19 12:28:21 info: ======= ENV: development =======
2023-07-19 12:28:21 info: 🚀 App listening on the port 3000
2023-07-19 12:28:21 info: =================================
2023-07-19 12:29:23 info: [0mDELETE /products/64b19dd3f08911a5d77f8a86 [32m200[0m 90.227 ms - 356[0m
2023-07-19 12:30:25 info: =================================
2023-07-19 12:30:25 info: ======= ENV: development =======
2023-07-19 12:30:25 info: 🚀 App listening on the port 3000
2023-07-19 12:30:25 info: =================================
2023-07-19 12:31:15 info: [0mDELETE /products/64b1333ec5d165693f8c836c [32m200[0m 58.695 ms - 349[0m
2023-07-19 12:33:07 info: =================================
2023-07-19 12:33:07 info: ======= ENV: development =======
2023-07-19 12:33:07 info: 🚀 App listening on the port 3000
2023-07-19 12:33:07 info: =================================
2023-07-19 12:33:36 info: [0mDELETE /products/64b19b2f172a4c972111f6b3 [32m200[0m 55.786 ms - 334[0m
2023-07-19 12:36:43 info: =================================
2023-07-19 12:36:43 info: ======= ENV: development =======
2023-07-19 12:36:43 info: 🚀 App listening on the port 3000
2023-07-19 12:36:43 info: =================================
2023-07-19 12:36:50 info: =================================
2023-07-19 12:36:50 info: ======= ENV: development =======
2023-07-19 12:36:50 info: 🚀 App listening on the port 3000
2023-07-19 12:36:50 info: =================================
2023-07-19 12:38:24 error: [POST] /products >> StatusCode:: 500, Message:: Unexpected field
2023-07-19 12:38:24 info: [0mPOST /products [31m500[0m 53.361 ms - 30[0m
2023-07-19 12:39:13 error: [POST] /products >> StatusCode:: 400, Message:: delivryInfo should not be empty,delivryInfo must be a string, description should not be empty,description must be a string
2023-07-19 12:39:13 info: [0mPOST /products [33m400[0m 41.641 ms - 136[0m
2023-07-19 12:39:29 info: [0mPOST /products [32m201[0m 75.581 ms - 462[0m
2023-07-19 12:39:50 info: [0mDELETE /products/64b793314e4bd1f9a04ae2f7 [32m200[0m 26.538 ms - 462[0m
2023-07-19 12:40:39 info: =================================
2023-07-19 12:40:39 info: ======= ENV: development =======
2023-07-19 12:40:39 info: 🚀 App listening on the port 3000
2023-07-19 12:40:39 info: =================================
2023-07-19 12:40:48 error: [POST] /products >> StatusCode:: 500, Message:: jwt expired
2023-07-19 12:40:48 info: [0mPOST /products [31m500[0m 14.934 ms - 25[0m
2023-07-19 12:41:03 error: [POST] /login >> StatusCode:: 409, Message:: This email zare@gmail.com was not found
2023-07-19 12:41:03 info: [0mPOST /login [33m409[0m 53.228 ms - 53[0m
2023-07-19 12:41:09 error: [POST] /login >> StatusCode:: 409, Message:: This email zare1@gmail.com was not found
2023-07-19 12:41:09 info: [0mPOST /login [33m409[0m 18.611 ms - 54[0m
2023-07-19 12:41:16 error: [POST] /login >> StatusCode:: 409, Message:: This email zare1sdsdsd@gmail.com was not found
2023-07-19 12:41:16 info: [0mPOST /login [33m409[0m 12.573 ms - 60[0m
2023-07-19 12:41:17 error: [POST] /login >> StatusCode:: 409, Message:: This email zare1sdsdsd@gmail.com was not found
2023-07-19 12:41:17 info: [0mPOST /login [33m409[0m 6.752 ms - 60[0m
2023-07-19 12:41:42 info: [0mPOST /admin [32m201[0m 202.761 ms - -[0m
2023-07-19 12:41:58 error: [POST] /products >> StatusCode:: 500, Message:: jwt expired
2023-07-19 12:41:58 info: [0mPOST /products [31m500[0m 6.578 ms - 25[0m
2023-07-19 12:41:59 error: [POST] /products >> StatusCode:: 500, Message:: jwt expired
2023-07-19 12:41:59 info: [0mPOST /products [31m500[0m 4.427 ms - 25[0m
2023-07-19 12:42:00 error: [POST] /products >> StatusCode:: 500, Message:: jwt expired
2023-07-19 12:42:00 info: [0mPOST /products [31m500[0m 4.460 ms - 25[0m
2023-07-19 12:42:13 info: [0mPOST /products [32m201[0m 70.144 ms - 462[0m
2023-07-19 12:42:43 info: [0mPOST /products/64b793d565755b52aa3dad73 [33m404[0m 15.347 ms - 173[0m
2023-07-19 12:42:49 info: [0mDELETE /products/64b793d565755b52aa3dad73 [32m200[0m 38.730 ms - 462[0m
2023-07-19 12:44:04 info: =================================
2023-07-19 12:44:04 info: ======= ENV: development =======
2023-07-19 12:44:04 info: 🚀 App listening on the port 3000
2023-07-19 12:44:04 info: =================================
2023-07-19 12:44:05 error: [DELETE] /products/64b793d565755b52aa3dad73 >> StatusCode:: 500, Message:: Cannot read properties of null (reading 'files')
2023-07-19 12:44:05 info: [0mDELETE /products/64b793d565755b52aa3dad73 [31m500[0m 32.557 ms - 62[0m
2023-07-19 12:44:07 error: [DELETE] /products/64b793d565755b52aa3dad73 >> StatusCode:: 500, Message:: Cannot read properties of null (reading 'files')
2023-07-19 12:44:07 info: [0mDELETE /products/64b793d565755b52aa3dad73 [31m500[0m 19.477 ms - 62[0m
2023-07-19 12:44:30 info: =================================
2023-07-19 12:44:30 info: ======= ENV: development =======
2023-07-19 12:44:30 info: 🚀 App listening on the port 3000
2023-07-19 12:44:30 info: =================================
2023-07-19 12:44:30 error: [DELETE] /products/64b793d565755b52aa3dad73 >> StatusCode:: 500, Message:: Cannot read properties of null (reading 'files')
2023-07-19 12:44:30 info: [0mDELETE /products/64b793d565755b52aa3dad73 [31m500[0m 116.816 ms - 62[0m
2023-07-19 12:44:55 info: =================================
2023-07-19 12:44:55 info: ======= ENV: development =======
2023-07-19 12:44:55 info: 🚀 App listening on the port 3000
2023-07-19 12:44:55 info: =================================
2023-07-19 12:44:56 error: [DELETE] /products/64b793d565755b52aa3dad73 >> StatusCode:: 500, Message:: Cannot read properties of null (reading 'files')
2023-07-19 12:44:56 info: [0mDELETE /products/64b793d565755b52aa3dad73 [31m500[0m 61.583 ms - 62[0m
2023-07-19 12:45:47 info: =================================
2023-07-19 12:45:47 info: ======= ENV: development =======
2023-07-19 12:45:47 info: 🚀 App listening on the port 3000
2023-07-19 12:45:47 info: =================================
2023-07-19 12:45:59 info: [0mDELETE /products/64b13662338f587365289740 [32m200[0m 32.294 ms - 353[0m
2023-07-19 12:46:12 info: =================================
2023-07-19 12:46:12 info: ======= ENV: development =======
2023-07-19 12:46:12 info: 🚀 App listening on the port 3000
2023-07-19 12:46:12 info: =================================
2023-07-19 12:46:14 error: [DELETE] /products/64b13662338f587365289740 >> StatusCode:: 500, Message:: Cannot read properties of null (reading 'files')
2023-07-19 12:46:14 info: [0mDELETE /products/64b13662338f587365289740 [31m500[0m 31.634 ms - 62[0m
2023-07-19 12:46:42 info: =================================
2023-07-19 12:46:42 info: ======= ENV: development =======
2023-07-19 12:46:42 info: 🚀 App listening on the port 3000
2023-07-19 12:46:42 info: =================================
2023-07-19 12:46:42 error: [DELETE] /products/64b13662338f587365289740 >> StatusCode:: 409, Message:: Product doesn't exist
2023-07-19 12:46:42 info: [0mDELETE /products/64b13662338f587365289740 [33m409[0m 33.746 ms - 35[0m
2023-07-19 12:46:53 info: =================================
2023-07-19 12:46:53 info: ======= ENV: development =======
2023-07-19 12:46:53 info: 🚀 App listening on the port 3000
2023-07-19 12:46:53 info: =================================
2023-07-19 12:47:31 info: [0mPOST /products [32m201[0m 122.656 ms - 462[0m
2023-07-19 12:47:44 info: [0mDELETE /products/64b79513093390485b33b4b7 [32m200[0m 23.975 ms - 462[0m
2023-07-19 12:50:53 info: =================================
2023-07-19 12:50:53 info: ======= ENV: development =======
2023-07-19 12:50:53 info: 🚀 App listening on the port 3000
2023-07-19 12:50:53 info: =================================
2023-07-19 12:50:57 info: [0mDELETE /products/64b19dba68ea17800010c552 [32m200[0m 28.660 ms - 351[0m
2023-07-19 12:56:27 info: =================================
2023-07-19 12:56:27 info: ======= ENV: development =======
2023-07-19 12:56:27 info: 🚀 App listening on the port 3000
2023-07-19 12:56:27 info: =================================
2023-07-19 12:56:36 info: =================================
2023-07-19 12:56:36 info: ======= ENV: development =======
2023-07-19 12:56:36 info: 🚀 App listening on the port 3000
2023-07-19 12:56:36 info: =================================
2023-07-19 12:56:43 info: [0mPOST /products [32m201[0m 145.348 ms - 501[0m
2023-07-19 12:56:55 info: [0mGET /images/Screenshot2023-07-07180621.png1689753403778 [32m200[0m 8.193 ms - 55338[0m
2023-07-19 12:57:46 info: =================================
2023-07-19 12:57:46 info: ======= ENV: development =======
2023-07-19 12:57:46 info: 🚀 App listening on the port 3000
2023-07-19 12:57:46 info: =================================
2023-07-19 12:57:47 info: [0mGET /images/Screenshot2023-07-07180621.png1689753403778 [32m200[0m 7.570 ms - 55338[0m
2023-07-19 12:59:34 info: =================================
2023-07-19 12:59:34 info: ======= ENV: development =======
2023-07-19 12:59:34 info: 🚀 App listening on the port 3000
2023-07-19 12:59:34 info: =================================
2023-07-19 12:59:37 info: [0mGET /images/Screenshot2023-07-07180621.png1689753403778 [32m200[0m 5.080 ms - 55338[0m
2023-07-19 12:59:39 error: [POST] /products >> StatusCode:: 409, Message:: This name asas already exists
2023-07-19 12:59:39 info: [0mPOST /products [33m409[0m 44.402 ms - 43[0m
2023-07-19 13:00:01 info: [0mDELETE /products/64b7973b484d34301c494b21 [32m200[0m 40.038 ms - 501[0m
2023-07-19 13:00:10 info: [0mPOST /products [32m201[0m 39.754 ms - 501[0m
2023-07-19 13:00:14 info: [0mGET /images/1689753610585Screenshot2023-07-07180621.png [32m200[0m 2.696 ms - 55338[0m
2023-07-19 13:00:25 info: [0mPOST /products [32m201[0m 24.085 ms - 503[0m
2023-07-19 13:00:41 info: =================================
2023-07-19 13:00:41 info: ======= ENV: development =======
2023-07-19 13:00:41 info: 🚀 App listening on the port 3000
2023-07-19 13:00:41 info: =================================
2023-07-19 13:01:08 info: =================================
2023-07-19 13:01:08 info: ======= ENV: development =======
2023-07-19 13:01:08 info: 🚀 App listening on the port 3000
2023-07-19 13:01:08 info: =================================
2023-07-19 13:01:22 info: [0mDELETE /products/64b798191675046eea113fa6 [32m200[0m 64.169 ms - 503[0m
2023-07-19 13:01:45 info: [0mDELETE /products/64b7980a1675046eea113fa2 [32m200[0m 24.217 ms - 501[0m
2023-07-19 13:03:39 info: =================================
2023-07-19 13:03:39 info: ======= ENV: development =======
2023-07-19 13:03:39 info: 🚀 App listening on the port 3000
2023-07-19 13:03:39 info: =================================
2023-07-19 13:05:07 info: =================================
2023-07-19 13:05:07 info: ======= ENV: development =======
2023-07-19 13:05:07 info: 🚀 App listening on the port 3000
2023-07-19 13:05:07 info: =================================
2023-07-19 13:08:07 info: =================================
2023-07-19 13:08:07 info: ======= ENV: development =======
2023-07-19 13:08:07 info: 🚀 App listening on the port 3000
2023-07-19 13:08:07 info: =================================
2023-07-19 13:09:56 info: =================================
2023-07-19 13:09:56 info: ======= ENV: development =======
2023-07-19 13:09:56 info: 🚀 App listening on the port 3000
2023-07-19 13:09:56 info: =================================
2023-07-19 13:10:51 info: =================================
2023-07-19 13:10:51 info: ======= ENV: development =======
2023-07-19 13:10:51 info: 🚀 App listening on the port 3000
2023-07-19 13:10:51 info: =================================
2023-07-19 13:10:56 info: =================================
2023-07-19 13:10:56 info: ======= ENV: development =======
2023-07-19 13:10:56 info: 🚀 App listening on the port 3000
2023-07-19 13:10:56 info: =================================
2023-07-19 13:11:08 info: =================================
2023-07-19 13:11:08 info: ======= ENV: development =======
2023-07-19 13:11:08 info: 🚀 App listening on the port 3000
2023-07-19 13:11:08 info: =================================
2023-07-19 13:19:05 info: =================================
2023-07-19 13:19:05 info: ======= ENV: development =======
2023-07-19 13:19:05 info: 🚀 App listening on the port 3000
2023-07-19 13:19:05 info: =================================
2023-07-19 14:34:41 info: =================================
2023-07-19 14:34:41 info: ======= ENV: development =======
2023-07-19 14:34:41 info: 🚀 App listening on the port 3000
2023-07-19 14:34:41 info: =================================
2023-07-19 14:34:54 info: =================================
2023-07-19 14:34:54 info: ======= ENV: development =======
2023-07-19 14:34:54 info: 🚀 App listening on the port 3000
2023-07-19 14:34:54 info: =================================
